Determining if the pthread_create exist failed with the following output:
Change Dir: /home/dot/dlt-daemon/build/CMakeFiles/CMakeTmp

Run Build Command:"/usr/bin/make" "cmTC_c5eb8/fast"
/usr/bin/make -f CMakeFiles/cmTC_c5eb8.dir/build.make CMakeFiles/cmTC_c5eb8.dir/build
make[1]: Entering directory '/home/dot/dlt-daemon/build/CMakeFiles/CMakeTmp'
Building C object CMakeFiles/cmTC_c5eb8.dir/CheckSymbolExists.c.o
/usr/bin/cc     -o CMakeFiles/cmTC_c5eb8.dir/CheckSymbolExists.c.o   -c /home/dot/dlt-daemon/build/CMakeFiles/CMakeTmp/CheckSymbolExists.c
Linking C executable cmTC_c5eb8
/usr/bin/cmake -E cmake_link_script CMakeFiles/cmTC_c5eb8.dir/link.txt --verbose=1
/usr/bin/cc       CMakeFiles/cmTC_c5eb8.dir/CheckSymbolExists.c.o  -o cmTC_c5eb8 -rdynamic 
CMakeFiles/cmTC_c5eb8.dir/CheckSymbolExists.c.o: In function `main':
CheckSymbolExists.c:(.text+0x16): undefined reference to `pthread_create'
collect2: error: ld returned 1 exit status
CMakeFiles/cmTC_c5eb8.dir/build.make:97: recipe for target 'cmTC_c5eb8' failed
make[1]: *** [cmTC_c5eb8] Error 1
make[1]: Leaving directory '/home/dot/dlt-daemon/build/CMakeFiles/CMakeTmp'
Makefile:126: recipe for target 'cmTC_c5eb8/fast' failed
make: *** [cmTC_c5eb8/fast] Error 2

File /home/dot/dlt-daemon/build/CMakeFiles/CMakeTmp/CheckSymbolExists.c:
/* */
#include <pthread.h>

int main(int argc, char** argv)
{
  (void)argv;
#ifndef pthread_create
  return ((int*)(&pthread_create))[argc];
#else
  (void)argc;
  return 0;
#endif
}

Determining if the function pthread_create exists in the pthreads failed with the following output:
Change Dir: /home/dot/dlt-daemon/build/CMakeFiles/CMakeTmp

Run Build Command:"/usr/bin/make" "cmTC_066a9/fast"
/usr/bin/make -f CMakeFiles/cmTC_066a9.dir/build.make CMakeFiles/cmTC_066a9.dir/build
make[1]: Entering directory '/home/dot/dlt-daemon/build/CMakeFiles/CMakeTmp'
Building C object CMakeFiles/cmTC_066a9.dir/CheckFunctionExists.c.o
/usr/bin/cc    -DCHECK_FUNCTION_EXISTS=pthread_create   -o CMakeFiles/cmTC_066a9.dir/CheckFunctionExists.c.o   -c /usr/share/cmake-3.5/Modules/CheckFunctionExists.c
Linking C executable cmTC_066a9
/usr/bin/cmake -E cmake_link_script CMakeFiles/cmTC_066a9.dir/link.txt --verbose=1
/usr/bin/cc   -DCHECK_FUNCTION_EXISTS=pthread_create    CMakeFiles/cmTC_066a9.dir/CheckFunctionExists.c.o  -o cmTC_066a9 -rdynamic -lpthreads 
/usr/bin/ld: cannot find -lpthreads
collect2: error: ld returned 1 exit status
CMakeFiles/cmTC_066a9.dir/build.make:97: recipe for target 'cmTC_066a9' failed
make[1]: *** [cmTC_066a9] Error 1
make[1]: Leaving directory '/home/dot/dlt-daemon/build/CMakeFiles/CMakeTmp'
Makefile:126: recipe for target 'cmTC_066a9/fast' failed
make: *** [cmTC_066a9/fast] Error 2


Determining if the system is big endian passed with the following output:
Change Dir: /home/dot/dlt-daemon/build/CMakeFiles/CMakeTmp

Run Build Command:"/usr/bin/make" "cmTC_3e3d5/fast"
/usr/bin/make -f CMakeFiles/cmTC_3e3d5.dir/build.make CMakeFiles/cmTC_3e3d5.dir/build
make[1]: Entering directory '/home/dot/dlt-daemon/build/CMakeFiles/CMakeTmp'
Building C object CMakeFiles/cmTC_3e3d5.dir/TestEndianess.c.o
/usr/bin/cc     -o CMakeFiles/cmTC_3e3d5.dir/TestEndianess.c.o   -c /home/dot/dlt-daemon/build/CMakeFiles/CMakeTmp/TestEndianess.c
Linking C executable cmTC_3e3d5
/usr/bin/cmake -E cmake_link_script CMakeFiles/cmTC_3e3d5.dir/link.txt --verbose=1
/usr/bin/cc       CMakeFiles/cmTC_3e3d5.dir/TestEndianess.c.o  -o cmTC_3e3d5 -rdynamic 
make[1]: Leaving directory '/home/dot/dlt-daemon/build/CMakeFiles/CMakeTmp'

TestEndianess.c:
/* A 16 bit integer is required. */
typedef unsigned short cmakeint16;

/* On a little endian machine, these 16bit ints will give "THIS IS LITTLE ENDIAN."
   On a big endian machine the characters will be exchanged pairwise. */
const cmakeint16 info_little[] =  {0x4854, 0x5349, 0x4920, 0x2053, 0x494c, 0x5454, 0x454c, 0x4520, 0x444e, 0x4149, 0x2e4e, 0x0000};

/* on a big endian machine, these 16bit ints will give "THIS IS BIG ENDIAN."
   On a little endian machine the characters will be exchanged pairwise. */
const cmakeint16 info_big[] =     {0x5448, 0x4953, 0x2049, 0x5320, 0x4249, 0x4720, 0x454e, 0x4449, 0x414e, 0x2e2e, 0x0000};

#ifdef __CLASSIC_C__
int main(argc, argv) int argc; char *argv[];
#else
int main(int argc, char *argv[])
#endif
{
  int require = 0;
  require += info_little[argc];
  require += info_big[argc];
  (void)argv;
  return require;
}


Determining if the function floor exists failed with the following output:
Change Dir: /home/dot/dlt-daemon/build/CMakeFiles/CMakeTmp

Run Build Command:"/usr/bin/make" "cmTC_09b9c/fast"
/usr/bin/make -f CMakeFiles/cmTC_09b9c.dir/build.make CMakeFiles/cmTC_09b9c.dir/build
make[1]: Entering directory '/home/dot/dlt-daemon/build/CMakeFiles/CMakeTmp'
Building C object CMakeFiles/cmTC_09b9c.dir/CheckFunctionExists.c.o
/usr/bin/cc    -DCHECK_FUNCTION_EXISTS=floor   -o CMakeFiles/cmTC_09b9c.dir/CheckFunctionExists.c.o   -c /usr/share/cmake-3.5/Modules/CheckFunctionExists.c
<command-line>:0:23: warning: conflicting types for built-in function ‘floor’
/usr/share/cmake-3.5/Modules/CheckFunctionExists.c:6:6: note: in expansion of macro ‘CHECK_FUNCTION_EXISTS’
 char CHECK_FUNCTION_EXISTS();
      ^
Linking C executable cmTC_09b9c
/usr/bin/cmake -E cmake_link_script CMakeFiles/cmTC_09b9c.dir/link.txt --verbose=1
/usr/bin/cc   -DCHECK_FUNCTION_EXISTS=floor    CMakeFiles/cmTC_09b9c.dir/CheckFunctionExists.c.o  -o cmTC_09b9c -rdynamic 
CMakeFiles/cmTC_09b9c.dir/CheckFunctionExists.c.o: In function `main':
CheckFunctionExists.c:(.text+0x15): undefined reference to `floor'
collect2: error: ld returned 1 exit status
CMakeFiles/cmTC_09b9c.dir/build.make:97: recipe for target 'cmTC_09b9c' failed
make[1]: *** [cmTC_09b9c] Error 1
make[1]: Leaving directory '/home/dot/dlt-daemon/build/CMakeFiles/CMakeTmp'
Makefile:126: recipe for target 'cmTC_09b9c/fast' failed
make: *** [cmTC_09b9c/fast] Error 2


