The system is: Linux - 4.15.0-88-generic - x86_64
Compiling the C compiler identification source file "CMakeCCompilerId.c" succeeded.
Compiler: /usr/bin/cc 
Build flags: 
Id flags: 

The output was:
0


Compilation of the C compiler identification source "CMakeCCompilerId.c" produced "a.out"

The C compiler identification is GNU, found in "/mnt/dlt-daemon/build/CMakeFiles/3.5.1/CompilerIdC/a.out"

Compiling the CXX compiler identification source file "CMakeCXXCompilerId.cpp" succeeded.
Compiler: /usr/bin/c++ 
Build flags: 
Id flags: 

The output was:
0


Compilation of the CXX compiler identification source "CMakeCXXCompilerId.cpp" produced "a.out"

The CXX compiler identification is GNU, found in "/mnt/dlt-daemon/build/CMakeFiles/3.5.1/CompilerIdCXX/a.out"

Determining if the C compiler works passed with the following output:
Change Dir: /mnt/dlt-daemon/build/CMakeFiles/CMakeTmp

Run Build Command:"/usr/bin/make" "cmTC_d0e85/fast"
/usr/bin/make -f CMakeFiles/cmTC_d0e85.dir/build.make CMakeFiles/cmTC_d0e85.dir/build
make[1]: Entering directory '/mnt/dlt-daemon/build/CMakeFiles/CMakeTmp'
Building C object CMakeFiles/cmTC_d0e85.dir/testCCompiler.c.o
/usr/bin/cc     -o CMakeFiles/cmTC_d0e85.dir/testCCompiler.c.o   -c /mnt/dlt-daemon/build/CMakeFiles/CMakeTmp/testCCompiler.c
Linking C executable cmTC_d0e85
/usr/bin/cmake -E cmake_link_script CMakeFiles/cmTC_d0e85.dir/link.txt --verbose=1
/usr/bin/cc       CMakeFiles/cmTC_d0e85.dir/testCCompiler.c.o  -o cmTC_d0e85 -rdynamic 
make[1]: Leaving directory '/mnt/dlt-daemon/build/CMakeFiles/CMakeTmp'


Detecting C compiler ABI info compiled with the following output:
Change Dir: /mnt/dlt-daemon/build/CMakeFiles/CMakeTmp

Run Build Command:"/usr/bin/make" "cmTC_643d4/fast"
/usr/bin/make -f CMakeFiles/cmTC_643d4.dir/build.make CMakeFiles/cmTC_643d4.dir/build
make[1]: Entering directory '/mnt/dlt-daemon/build/CMakeFiles/CMakeTmp'
Building C object CMakeFiles/cmTC_643d4.dir/CMakeCCompilerABI.c.o
/usr/bin/cc     -o CMakeFiles/cmTC_643d4.dir/CMakeCCompilerABI.c.o   -c /usr/share/cmake-3.5/Modules/CMakeCCompilerABI.c
Linking C executable cmTC_643d4
/usr/bin/cmake -E cmake_link_script CMakeFiles/cmTC_643d4.dir/link.txt --verbose=1
/usr/bin/cc      -v CMakeFiles/cmTC_643d4.dir/CMakeCCompilerABI.c.o  -o cmTC_643d4 -rdynamic  
Using built-in specs.
COLLECT_GCC=/usr/bin/cc
COLLECT_LTO_WRAPPER=/usr/lib/gcc/x86_64-linux-gnu/5/lto-wrapper
Target: x86_64-linux-gnu
Configured with: ../src/configure -v --with-pkgversion='Ubuntu 5.4.0-6ubuntu1~16.04.12' --with-bugurl=file:///usr/share/doc/gcc-5/README.Bugs --enable-languages=c,ada,c++,java,go,d,fortran,objc,obj-c++ --prefix=/usr --program-suffix=-5 --enable-shared --enable-linker-build-id --libexecdir=/usr/lib --without-included-gettext --enable-threads=posix --libdir=/usr/lib --enable-nls --with-sysroot=/ --enable-clocale=gnu --enable-libstdcxx-debug --enable-libstdcxx-time=yes --with-default-libstdcxx-abi=new --enable-gnu-unique-object --disable-vtable-verify --enable-libmpx --enable-plugin --with-system-zlib --disable-browser-plugin --enable-java-awt=gtk --enable-gtk-cairo --with-java-home=/usr/lib/jvm/java-1.5.0-gcj-5-amd64/jre --enable-java-home --with-jvm-root-dir=/usr/lib/jvm/java-1.5.0-gcj-5-amd64 --with-jvm-jar-dir=/usr/lib/jvm-exports/java-1.5.0-gcj-5-amd64 --with-arch-directory=amd64 --with-ecj-jar=/usr/share/java/eclipse-ecj.jar --enable-objc-gc --enable-multiarch --disable-werror --with-arch-32=i686 --with-abi=m64 --with-multilib-list=m32,m64,mx32 --enable-multilib --with-tune=generic --enable-checking=release --build=x86_64-linux-gnu --host=x86_64-linux-gnu --target=x86_64-linux-gnu
Thread model: posix
gcc version 5.4.0 20160609 (Ubuntu 5.4.0-6ubuntu1~16.04.12) 
COMPILER_PATH=/usr/lib/gcc/x86_64-linux-gnu/5/:/usr/lib/gcc/x86_64-linux-gnu/5/:/usr/lib/gcc/x86_64-linux-gnu/:/usr/lib/gcc/x86_64-linux-gnu/5/:/usr/lib/gcc/x86_64-linux-gnu/
LIBRARY_PATH=/usr/lib/gcc/x86_64-linux-gnu/5/:/usr/lib/gcc/x86_64-linux-gnu/5/../../../x86_64-linux-gnu/:/usr/lib/gcc/x86_64-linux-gnu/5/../../../../lib/:/lib/x86_64-linux-gnu/:/lib/../lib/:/usr/lib/x86_64-linux-gnu/:/usr/lib/../lib/:/usr/lib/gcc/x86_64-linux-gnu/5/../../../:/lib/:/usr/lib/
COLLECT_GCC_OPTIONS='-v' '-o' 'cmTC_643d4' '-rdynamic' '-mtune=generic' '-march=x86-64'
 /usr/lib/gcc/x86_64-linux-gnu/5/collect2 -plugin /usr/lib/gcc/x86_64-linux-gnu/5/liblto_plugin.so -plugin-opt=/usr/lib/gcc/x86_64-linux-gnu/5/lto-wrapper -plugin-opt=-fresolution=/tmp/ccNrR5xz.res -plugin-opt=-pass-through=-lgcc -plugin-opt=-pass-through=-lgcc_s -plugin-opt=-pass-through=-lc -plugin-opt=-pass-through=-lgcc -plugin-opt=-pass-through=-lgcc_s --sysroot=/ --build-id --eh-frame-hdr -m elf_x86_64 --hash-style=gnu --as-needed -export-dynamic -dynamic-linker /lib64/ld-linux-x86-64.so.2 -z relro -o cmTC_643d4 /usr/lib/gcc/x86_64-linux-gnu/5/../../../x86_64-linux-gnu/crt1.o /usr/lib/gcc/x86_64-linux-gnu/5/../../../x86_64-linux-gnu/crti.o /usr/lib/gcc/x86_64-linux-gnu/5/crtbegin.o -L/usr/lib/gcc/x86_64-linux-gnu/5 -L/usr/lib/gcc/x86_64-linux-gnu/5/../../../x86_64-linux-gnu -L/usr/lib/gcc/x86_64-linux-gnu/5/../../../../lib -L/lib/x86_64-linux-gnu -L/lib/../lib -L/usr/lib/x86_64-linux-gnu -L/usr/lib/../lib -L/usr/lib/gcc/x86_64-linux-gnu/5/../../.. CMakeFiles/cmTC_643d4.dir/CMakeCCompilerABI.c.o -lgcc --as-needed -lgcc_s --no-as-needed -lc -lgcc --as-needed -lgcc_s --no-as-needed /usr/lib/gcc/x86_64-linux-gnu/5/crtend.o /usr/lib/gcc/x86_64-linux-gnu/5/../../../x86_64-linux-gnu/crtn.o
make[1]: Leaving directory '/mnt/dlt-daemon/build/CMakeFiles/CMakeTmp'


Parsed C implicit link information from above output:
  link line regex: [^( *|.*[/\])(ld|([^/\]+-)?ld|collect2)[^/\]*( |$)]
  ignore line: [Change Dir: /mnt/dlt-daemon/build/CMakeFiles/CMakeTmp]
  ignore line: []
  ignore line: [Run Build Command:"/usr/bin/make" "cmTC_643d4/fast"]
  ignore line: [/usr/bin/make -f CMakeFiles/cmTC_643d4.dir/build.make CMakeFiles/cmTC_643d4.dir/build]
  ignore line: [make[1]: Entering directory '/mnt/dlt-daemon/build/CMakeFiles/CMakeTmp']
  ignore line: [Building C object CMakeFiles/cmTC_643d4.dir/CMakeCCompilerABI.c.o]
  ignore line: [/usr/bin/cc     -o CMakeFiles/cmTC_643d4.dir/CMakeCCompilerABI.c.o   -c /usr/share/cmake-3.5/Modules/CMakeCCompilerABI.c]
  ignore line: [Linking C executable cmTC_643d4]
  ignore line: [/usr/bin/cmake -E cmake_link_script CMakeFiles/cmTC_643d4.dir/link.txt --verbose=1]
  ignore line: [/usr/bin/cc      -v CMakeFiles/cmTC_643d4.dir/CMakeCCompilerABI.c.o  -o cmTC_643d4 -rdynamic  ]
  ignore line: [Using built-in specs.]
  ignore line: [COLLECT_GCC=/usr/bin/cc]
  ignore line: [COLLECT_LTO_WRAPPER=/usr/lib/gcc/x86_64-linux-gnu/5/lto-wrapper]
  ignore line: [Target: x86_64-linux-gnu]
  ignore line: [Configured with: ../src/configure -v --with-pkgversion='Ubuntu 5.4.0-6ubuntu1~16.04.12' --with-bugurl=file:///usr/share/doc/gcc-5/README.Bugs --enable-languages=c,ada,c++,java,go,d,fortran,objc,obj-c++ --prefix=/usr --program-suffix=-5 --enable-shared --enable-linker-build-id --libexecdir=/usr/lib --without-included-gettext --enable-threads=posix --libdir=/usr/lib --enable-nls --with-sysroot=/ --enable-clocale=gnu --enable-libstdcxx-debug --enable-libstdcxx-time=yes --with-default-libstdcxx-abi=new --enable-gnu-unique-object --disable-vtable-verify --enable-libmpx --enable-plugin --with-system-zlib --disable-browser-plugin --enable-java-awt=gtk --enable-gtk-cairo --with-java-home=/usr/lib/jvm/java-1.5.0-gcj-5-amd64/jre --enable-java-home --with-jvm-root-dir=/usr/lib/jvm/java-1.5.0-gcj-5-amd64 --with-jvm-jar-dir=/usr/lib/jvm-exports/java-1.5.0-gcj-5-amd64 --with-arch-directory=amd64 --with-ecj-jar=/usr/share/java/eclipse-ecj.jar --enable-objc-gc --enable-multiarch --disable-werror --with-arch-32=i686 --with-abi=m64 --with-multilib-list=m32,m64,mx32 --enable-multilib --with-tune=generic --enable-checking=release --build=x86_64-linux-gnu --host=x86_64-linux-gnu --target=x86_64-linux-gnu]
  ignore line: [Thread model: posix]
  ignore line: [gcc version 5.4.0 20160609 (Ubuntu 5.4.0-6ubuntu1~16.04.12) ]
  ignore line: [COMPILER_PATH=/usr/lib/gcc/x86_64-linux-gnu/5/:/usr/lib/gcc/x86_64-linux-gnu/5/:/usr/lib/gcc/x86_64-linux-gnu/:/usr/lib/gcc/x86_64-linux-gnu/5/:/usr/lib/gcc/x86_64-linux-gnu/]
  ignore line: [LIBRARY_PATH=/usr/lib/gcc/x86_64-linux-gnu/5/:/usr/lib/gcc/x86_64-linux-gnu/5/../../../x86_64-linux-gnu/:/usr/lib/gcc/x86_64-linux-gnu/5/../../../../lib/:/lib/x86_64-linux-gnu/:/lib/../lib/:/usr/lib/x86_64-linux-gnu/:/usr/lib/../lib/:/usr/lib/gcc/x86_64-linux-gnu/5/../../../:/lib/:/usr/lib/]
  ignore line: [COLLECT_GCC_OPTIONS='-v' '-o' 'cmTC_643d4' '-rdynamic' '-mtune=generic' '-march=x86-64']
  link line: [ /usr/lib/gcc/x86_64-linux-gnu/5/collect2 -plugin /usr/lib/gcc/x86_64-linux-gnu/5/liblto_plugin.so -plugin-opt=/usr/lib/gcc/x86_64-linux-gnu/5/lto-wrapper -plugin-opt=-fresolution=/tmp/ccNrR5xz.res -plugin-opt=-pass-through=-lgcc -plugin-opt=-pass-through=-lgcc_s -plugin-opt=-pass-through=-lc -plugin-opt=-pass-through=-lgcc -plugin-opt=-pass-through=-lgcc_s --sysroot=/ --build-id --eh-frame-hdr -m elf_x86_64 --hash-style=gnu --as-needed -export-dynamic -dynamic-linker /lib64/ld-linux-x86-64.so.2 -z relro -o cmTC_643d4 /usr/lib/gcc/x86_64-linux-gnu/5/../../../x86_64-linux-gnu/crt1.o /usr/lib/gcc/x86_64-linux-gnu/5/../../../x86_64-linux-gnu/crti.o /usr/lib/gcc/x86_64-linux-gnu/5/crtbegin.o -L/usr/lib/gcc/x86_64-linux-gnu/5 -L/usr/lib/gcc/x86_64-linux-gnu/5/../../../x86_64-linux-gnu -L/usr/lib/gcc/x86_64-linux-gnu/5/../../../../lib -L/lib/x86_64-linux-gnu -L/lib/../lib -L/usr/lib/x86_64-linux-gnu -L/usr/lib/../lib -L/usr/lib/gcc/x86_64-linux-gnu/5/../../.. CMakeFiles/cmTC_643d4.dir/CMakeCCompilerABI.c.o -lgcc --as-needed -lgcc_s --no-as-needed -lc -lgcc --as-needed -lgcc_s --no-as-needed /usr/lib/gcc/x86_64-linux-gnu/5/crtend.o /usr/lib/gcc/x86_64-linux-gnu/5/../../../x86_64-linux-gnu/crtn.o]
    arg [/usr/lib/gcc/x86_64-linux-gnu/5/collect2] ==> ignore
    arg [-plugin] ==> ignore
    arg [/usr/lib/gcc/x86_64-linux-gnu/5/liblto_plugin.so] ==> ignore
    arg [-plugin-opt=/usr/lib/gcc/x86_64-linux-gnu/5/lto-wrapper] ==> ignore
    arg [-plugin-opt=-fresolution=/tmp/ccNrR5xz.res] ==> ignore
    arg [-plugin-opt=-pass-through=-lgcc] ==> ignore
    arg [-plugin-opt=-pass-through=-lgcc_s] ==> ignore
    arg [-plugin-opt=-pass-through=-lc] ==> ignore
    arg [-plugin-opt=-pass-through=-lgcc] ==> ignore
    arg [-plugin-opt=-pass-through=-lgcc_s] ==> ignore
    arg [--sysroot=/] ==> ignore
    arg [--build-id] ==> ignore
    arg [--eh-frame-hdr] ==> ignore
    arg [-m] ==> ignore
    arg [elf_x86_64] ==> ignore
    arg [--hash-style=gnu] ==> ignore
    arg [--as-needed] ==> ignore
    arg [-export-dynamic] ==> ignore
    arg [-dynamic-linker] ==> ignore
    arg [/lib64/ld-linux-x86-64.so.2] ==> ignore
    arg [-zrelro] ==> ignore
    arg [-o] ==> ignore
    arg [cmTC_643d4] ==> ignore
    arg [/usr/lib/gcc/x86_64-linux-gnu/5/../../../x86_64-linux-gnu/crt1.o] ==> ignore
    arg [/usr/lib/gcc/x86_64-linux-gnu/5/../../../x86_64-linux-gnu/crti.o] ==> ignore
    arg [/usr/lib/gcc/x86_64-linux-gnu/5/crtbegin.o] ==> ignore
    arg [-L/usr/lib/gcc/x86_64-linux-gnu/5] ==> dir [/usr/lib/gcc/x86_64-linux-gnu/5]
    arg [-L/usr/lib/gcc/x86_64-linux-gnu/5/../../../x86_64-linux-gnu] ==> dir [/usr/lib/gcc/x86_64-linux-gnu/5/../../../x86_64-linux-gnu]
    arg [-L/usr/lib/gcc/x86_64-linux-gnu/5/../../../../lib] ==> dir [/usr/lib/gcc/x86_64-linux-gnu/5/../../../../lib]
    arg [-L/lib/x86_64-linux-gnu] ==> dir [/lib/x86_64-linux-gnu]
    arg [-L/lib/../lib] ==> dir [/lib/../lib]
    arg [-L/usr/lib/x86_64-linux-gnu] ==> dir [/usr/lib/x86_64-linux-gnu]
    arg [-L/usr/lib/../lib] ==> dir [/usr/lib/../lib]
    arg [-L/usr/lib/gcc/x86_64-linux-gnu/5/../../..] ==> dir [/usr/lib/gcc/x86_64-linux-gnu/5/../../..]
    arg [CMakeFiles/cmTC_643d4.dir/CMakeCCompilerABI.c.o] ==> ignore
    arg [-lgcc] ==> lib [gcc]
    arg [--as-needed] ==> ignore
    arg [-lgcc_s] ==> lib [gcc_s]
    arg [--no-as-needed] ==> ignore
    arg [-lc] ==> lib [c]
    arg [-lgcc] ==> lib [gcc]
    arg [--as-needed] ==> ignore
    arg [-lgcc_s] ==> lib [gcc_s]
    arg [--no-as-needed] ==> ignore
    arg [/usr/lib/gcc/x86_64-linux-gnu/5/crtend.o] ==> ignore
    arg [/usr/lib/gcc/x86_64-linux-gnu/5/../../../x86_64-linux-gnu/crtn.o] ==> ignore
  remove lib [gcc]
  remove lib [gcc_s]
  remove lib [gcc]
  remove lib [gcc_s]
  collapse library dir [/usr/lib/gcc/x86_64-linux-gnu/5] ==> [/usr/lib/gcc/x86_64-linux-gnu/5]
  collapse library dir [/usr/lib/gcc/x86_64-linux-gnu/5/../../../x86_64-linux-gnu] ==> [/usr/lib/x86_64-linux-gnu]
  collapse library dir [/usr/lib/gcc/x86_64-linux-gnu/5/../../../../lib] ==> [/usr/lib]
  collapse library dir [/lib/x86_64-linux-gnu] ==> [/lib/x86_64-linux-gnu]
  collapse library dir [/lib/../lib] ==> [/lib]
  collapse library dir [/usr/lib/x86_64-linux-gnu] ==> [/usr/lib/x86_64-linux-gnu]
  collapse library dir [/usr/lib/../lib] ==> [/usr/lib]
  collapse library dir [/usr/lib/gcc/x86_64-linux-gnu/5/../../..] ==> [/usr/lib]
  implicit libs: [c]
  implicit dirs: [/usr/lib/gcc/x86_64-linux-gnu/5;/usr/lib/x86_64-linux-gnu;/usr/lib;/lib/x86_64-linux-gnu;/lib]
  implicit fwks: []




Detecting C [-std=c11] compiler features compiled with the following output:
Change Dir: /mnt/dlt-daemon/build/CMakeFiles/CMakeTmp

Run Build Command:"/usr/bin/make" "cmTC_3c9c5/fast"
/usr/bin/make -f CMakeFiles/cmTC_3c9c5.dir/build.make CMakeFiles/cmTC_3c9c5.dir/build
make[1]: Entering directory '/mnt/dlt-daemon/build/CMakeFiles/CMakeTmp'
Building C object CMakeFiles/cmTC_3c9c5.dir/feature_tests.c.o
/usr/bin/cc    -std=c11 -o CMakeFiles/cmTC_3c9c5.dir/feature_tests.c.o   -c /mnt/dlt-daemon/build/CMakeFiles/feature_tests.c
Linking C executable cmTC_3c9c5
/usr/bin/cmake -E cmake_link_script CMakeFiles/cmTC_3c9c5.dir/link.txt --verbose=1
/usr/bin/cc       CMakeFiles/cmTC_3c9c5.dir/feature_tests.c.o  -o cmTC_3c9c5 -rdynamic 
make[1]: Leaving directory '/mnt/dlt-daemon/build/CMakeFiles/CMakeTmp'


    Feature record: C_FEATURE:1c_function_prototypes
    Feature record: C_FEATURE:1c_restrict
    Feature record: C_FEATURE:1c_static_assert
    Feature record: C_FEATURE:1c_variadic_macros


Detecting C [-std=c99] compiler features compiled with the following output:
Change Dir: /mnt/dlt-daemon/build/CMakeFiles/CMakeTmp

Run Build Command:"/usr/bin/make" "cmTC_6d1bb/fast"
/usr/bin/make -f CMakeFiles/cmTC_6d1bb.dir/build.make CMakeFiles/cmTC_6d1bb.dir/build
make[1]: Entering directory '/mnt/dlt-daemon/build/CMakeFiles/CMakeTmp'
Building C object CMakeFiles/cmTC_6d1bb.dir/feature_tests.c.o
/usr/bin/cc    -std=c99 -o CMakeFiles/cmTC_6d1bb.dir/feature_tests.c.o   -c /mnt/dlt-daemon/build/CMakeFiles/feature_tests.c
Linking C executable cmTC_6d1bb
/usr/bin/cmake -E cmake_link_script CMakeFiles/cmTC_6d1bb.dir/link.txt --verbose=1
/usr/bin/cc       CMakeFiles/cmTC_6d1bb.dir/feature_tests.c.o  -o cmTC_6d1bb -rdynamic 
make[1]: Leaving directory '/mnt/dlt-daemon/build/CMakeFiles/CMakeTmp'


    Feature record: C_FEATURE:1c_function_prototypes
    Feature record: C_FEATURE:1c_restrict
    Feature record: C_FEATURE:0c_static_assert
    Feature record: C_FEATURE:1c_variadic_macros


Detecting C [-std=c90] compiler features compiled with the following output:
Change Dir: /mnt/dlt-daemon/build/CMakeFiles/CMakeTmp

Run Build Command:"/usr/bin/make" "cmTC_785ce/fast"
/usr/bin/make -f CMakeFiles/cmTC_785ce.dir/build.make CMakeFiles/cmTC_785ce.dir/build
make[1]: Entering directory '/mnt/dlt-daemon/build/CMakeFiles/CMakeTmp'
Building C object CMakeFiles/cmTC_785ce.dir/feature_tests.c.o
/usr/bin/cc    -std=c90 -o CMakeFiles/cmTC_785ce.dir/feature_tests.c.o   -c /mnt/dlt-daemon/build/CMakeFiles/feature_tests.c
Linking C executable cmTC_785ce
/usr/bin/cmake -E cmake_link_script CMakeFiles/cmTC_785ce.dir/link.txt --verbose=1
/usr/bin/cc       CMakeFiles/cmTC_785ce.dir/feature_tests.c.o  -o cmTC_785ce -rdynamic 
make[1]: Leaving directory '/mnt/dlt-daemon/build/CMakeFiles/CMakeTmp'


    Feature record: C_FEATURE:1c_function_prototypes
    Feature record: C_FEATURE:0c_restrict
    Feature record: C_FEATURE:0c_static_assert
    Feature record: C_FEATURE:0c_variadic_macros
Determining if the CXX compiler works passed with the following output:
Change Dir: /mnt/dlt-daemon/build/CMakeFiles/CMakeTmp

Run Build Command:"/usr/bin/make" "cmTC_7cf74/fast"
/usr/bin/make -f CMakeFiles/cmTC_7cf74.dir/build.make CMakeFiles/cmTC_7cf74.dir/build
make[1]: Entering directory '/mnt/dlt-daemon/build/CMakeFiles/CMakeTmp'
Building CXX object CMakeFiles/cmTC_7cf74.dir/testCXXCompiler.cxx.o
/usr/bin/c++      -o CMakeFiles/cmTC_7cf74.dir/testCXXCompiler.cxx.o -c /mnt/dlt-daemon/build/CMakeFiles/CMakeTmp/testCXXCompiler.cxx
Linking CXX executable cmTC_7cf74
/usr/bin/cmake -E cmake_link_script CMakeFiles/cmTC_7cf74.dir/link.txt --verbose=1
/usr/bin/c++        CMakeFiles/cmTC_7cf74.dir/testCXXCompiler.cxx.o  -o cmTC_7cf74 -rdynamic 
make[1]: Leaving directory '/mnt/dlt-daemon/build/CMakeFiles/CMakeTmp'


Detecting CXX compiler ABI info compiled with the following output:
Change Dir: /mnt/dlt-daemon/build/CMakeFiles/CMakeTmp

Run Build Command:"/usr/bin/make" "cmTC_b5588/fast"
/usr/bin/make -f CMakeFiles/cmTC_b5588.dir/build.make CMakeFiles/cmTC_b5588.dir/build
make[1]: Entering directory '/mnt/dlt-daemon/build/CMakeFiles/CMakeTmp'
Building CXX object CMakeFiles/cmTC_b5588.dir/CMakeCXXCompilerABI.cpp.o
/usr/bin/c++      -o CMakeFiles/cmTC_b5588.dir/CMakeCXXCompilerABI.cpp.o -c /usr/share/cmake-3.5/Modules/CMakeCXXCompilerABI.cpp
Linking CXX executable cmTC_b5588
/usr/bin/cmake -E cmake_link_script CMakeFiles/cmTC_b5588.dir/link.txt --verbose=1
/usr/bin/c++       -v CMakeFiles/cmTC_b5588.dir/CMakeCXXCompilerABI.cpp.o  -o cmTC_b5588 -rdynamic  
Using built-in specs.
COLLECT_GCC=/usr/bin/c++
COLLECT_LTO_WRAPPER=/usr/lib/gcc/x86_64-linux-gnu/5/lto-wrapper
Target: x86_64-linux-gnu
Configured with: ../src/configure -v --with-pkgversion='Ubuntu 5.4.0-6ubuntu1~16.04.12' --with-bugurl=file:///usr/share/doc/gcc-5/README.Bugs --enable-languages=c,ada,c++,java,go,d,fortran,objc,obj-c++ --prefix=/usr --program-suffix=-5 --enable-shared --enable-linker-build-id --libexecdir=/usr/lib --without-included-gettext --enable-threads=posix --libdir=/usr/lib --enable-nls --with-sysroot=/ --enable-clocale=gnu --enable-libstdcxx-debug --enable-libstdcxx-time=yes --with-default-libstdcxx-abi=new --enable-gnu-unique-object --disable-vtable-verify --enable-libmpx --enable-plugin --with-system-zlib --disable-browser-plugin --enable-java-awt=gtk --enable-gtk-cairo --with-java-home=/usr/lib/jvm/java-1.5.0-gcj-5-amd64/jre --enable-java-home --with-jvm-root-dir=/usr/lib/jvm/java-1.5.0-gcj-5-amd64 --with-jvm-jar-dir=/usr/lib/jvm-exports/java-1.5.0-gcj-5-amd64 --with-arch-directory=amd64 --with-ecj-jar=/usr/share/java/eclipse-ecj.jar --enable-objc-gc --enable-multiarch --disable-werror --with-arch-32=i686 --with-abi=m64 --with-multilib-list=m32,m64,mx32 --enable-multilib --with-tune=generic --enable-checking=release --build=x86_64-linux-gnu --host=x86_64-linux-gnu --target=x86_64-linux-gnu
Thread model: posix
gcc version 5.4.0 20160609 (Ubuntu 5.4.0-6ubuntu1~16.04.12) 
COMPILER_PATH=/usr/lib/gcc/x86_64-linux-gnu/5/:/usr/lib/gcc/x86_64-linux-gnu/5/:/usr/lib/gcc/x86_64-linux-gnu/:/usr/lib/gcc/x86_64-linux-gnu/5/:/usr/lib/gcc/x86_64-linux-gnu/
LIBRARY_PATH=/usr/lib/gcc/x86_64-linux-gnu/5/:/usr/lib/gcc/x86_64-linux-gnu/5/../../../x86_64-linux-gnu/:/usr/lib/gcc/x86_64-linux-gnu/5/../../../../lib/:/lib/x86_64-linux-gnu/:/lib/../lib/:/usr/lib/x86_64-linux-gnu/:/usr/lib/../lib/:/usr/lib/gcc/x86_64-linux-gnu/5/../../../:/lib/:/usr/lib/
COLLECT_GCC_OPTIONS='-v' '-o' 'cmTC_b5588' '-rdynamic' '-shared-libgcc' '-mtune=generic' '-march=x86-64'
 /usr/lib/gcc/x86_64-linux-gnu/5/collect2 -plugin /usr/lib/gcc/x86_64-linux-gnu/5/liblto_plugin.so -plugin-opt=/usr/lib/gcc/x86_64-linux-gnu/5/lto-wrapper -plugin-opt=-fresolution=/tmp/ccRjYLRi.res -plugin-opt=-pass-through=-lgcc_s -plugin-opt=-pass-through=-lgcc -plugin-opt=-pass-through=-lc -plugin-opt=-pass-through=-lgcc_s -plugin-opt=-pass-through=-lgcc --sysroot=/ --build-id --eh-frame-hdr -m elf_x86_64 --hash-style=gnu --as-needed -export-dynamic -dynamic-linker /lib64/ld-linux-x86-64.so.2 -z relro -o cmTC_b5588 /usr/lib/gcc/x86_64-linux-gnu/5/../../../x86_64-linux-gnu/crt1.o /usr/lib/gcc/x86_64-linux-gnu/5/../../../x86_64-linux-gnu/crti.o /usr/lib/gcc/x86_64-linux-gnu/5/crtbegin.o -L/usr/lib/gcc/x86_64-linux-gnu/5 -L/usr/lib/gcc/x86_64-linux-gnu/5/../../../x86_64-linux-gnu -L/usr/lib/gcc/x86_64-linux-gnu/5/../../../../lib -L/lib/x86_64-linux-gnu -L/lib/../lib -L/usr/lib/x86_64-linux-gnu -L/usr/lib/../lib -L/usr/lib/gcc/x86_64-linux-gnu/5/../../.. CMakeFiles/cmTC_b5588.dir/CMakeCXXCompilerABI.cpp.o -lstdc++ -lm -lgcc_s -lgcc -lc -lgcc_s -lgcc /usr/lib/gcc/x86_64-linux-gnu/5/crtend.o /usr/lib/gcc/x86_64-linux-gnu/5/../../../x86_64-linux-gnu/crtn.o
make[1]: Leaving directory '/mnt/dlt-daemon/build/CMakeFiles/CMakeTmp'


Parsed CXX implicit link information from above output:
  link line regex: [^( *|.*[/\])(ld|([^/\]+-)?ld|collect2)[^/\]*( |$)]
  ignore line: [Change Dir: /mnt/dlt-daemon/build/CMakeFiles/CMakeTmp]
  ignore line: []
  ignore line: [Run Build Command:"/usr/bin/make" "cmTC_b5588/fast"]
  ignore line: [/usr/bin/make -f CMakeFiles/cmTC_b5588.dir/build.make CMakeFiles/cmTC_b5588.dir/build]
  ignore line: [make[1]: Entering directory '/mnt/dlt-daemon/build/CMakeFiles/CMakeTmp']
  ignore line: [Building CXX object CMakeFiles/cmTC_b5588.dir/CMakeCXXCompilerABI.cpp.o]
  ignore line: [/usr/bin/c++      -o CMakeFiles/cmTC_b5588.dir/CMakeCXXCompilerABI.cpp.o -c /usr/share/cmake-3.5/Modules/CMakeCXXCompilerABI.cpp]
  ignore line: [Linking CXX executable cmTC_b5588]
  ignore line: [/usr/bin/cmake -E cmake_link_script CMakeFiles/cmTC_b5588.dir/link.txt --verbose=1]
  ignore line: [/usr/bin/c++       -v CMakeFiles/cmTC_b5588.dir/CMakeCXXCompilerABI.cpp.o  -o cmTC_b5588 -rdynamic  ]
  ignore line: [Using built-in specs.]
  ignore line: [COLLECT_GCC=/usr/bin/c++]
  ignore line: [COLLECT_LTO_WRAPPER=/usr/lib/gcc/x86_64-linux-gnu/5/lto-wrapper]
  ignore line: [Target: x86_64-linux-gnu]
  ignore line: [Configured with: ../src/configure -v --with-pkgversion='Ubuntu 5.4.0-6ubuntu1~16.04.12' --with-bugurl=file:///usr/share/doc/gcc-5/README.Bugs --enable-languages=c,ada,c++,java,go,d,fortran,objc,obj-c++ --prefix=/usr --program-suffix=-5 --enable-shared --enable-linker-build-id --libexecdir=/usr/lib --without-included-gettext --enable-threads=posix --libdir=/usr/lib --enable-nls --with-sysroot=/ --enable-clocale=gnu --enable-libstdcxx-debug --enable-libstdcxx-time=yes --with-default-libstdcxx-abi=new --enable-gnu-unique-object --disable-vtable-verify --enable-libmpx --enable-plugin --with-system-zlib --disable-browser-plugin --enable-java-awt=gtk --enable-gtk-cairo --with-java-home=/usr/lib/jvm/java-1.5.0-gcj-5-amd64/jre --enable-java-home --with-jvm-root-dir=/usr/lib/jvm/java-1.5.0-gcj-5-amd64 --with-jvm-jar-dir=/usr/lib/jvm-exports/java-1.5.0-gcj-5-amd64 --with-arch-directory=amd64 --with-ecj-jar=/usr/share/java/eclipse-ecj.jar --enable-objc-gc --enable-multiarch --disable-werror --with-arch-32=i686 --with-abi=m64 --with-multilib-list=m32,m64,mx32 --enable-multilib --with-tune=generic --enable-checking=release --build=x86_64-linux-gnu --host=x86_64-linux-gnu --target=x86_64-linux-gnu]
  ignore line: [Thread model: posix]
  ignore line: [gcc version 5.4.0 20160609 (Ubuntu 5.4.0-6ubuntu1~16.04.12) ]
  ignore line: [COMPILER_PATH=/usr/lib/gcc/x86_64-linux-gnu/5/:/usr/lib/gcc/x86_64-linux-gnu/5/:/usr/lib/gcc/x86_64-linux-gnu/:/usr/lib/gcc/x86_64-linux-gnu/5/:/usr/lib/gcc/x86_64-linux-gnu/]
  ignore line: [LIBRARY_PATH=/usr/lib/gcc/x86_64-linux-gnu/5/:/usr/lib/gcc/x86_64-linux-gnu/5/../../../x86_64-linux-gnu/:/usr/lib/gcc/x86_64-linux-gnu/5/../../../../lib/:/lib/x86_64-linux-gnu/:/lib/../lib/:/usr/lib/x86_64-linux-gnu/:/usr/lib/../lib/:/usr/lib/gcc/x86_64-linux-gnu/5/../../../:/lib/:/usr/lib/]
  ignore line: [COLLECT_GCC_OPTIONS='-v' '-o' 'cmTC_b5588' '-rdynamic' '-shared-libgcc' '-mtune=generic' '-march=x86-64']
  link line: [ /usr/lib/gcc/x86_64-linux-gnu/5/collect2 -plugin /usr/lib/gcc/x86_64-linux-gnu/5/liblto_plugin.so -plugin-opt=/usr/lib/gcc/x86_64-linux-gnu/5/lto-wrapper -plugin-opt=-fresolution=/tmp/ccRjYLRi.res -plugin-opt=-pass-through=-lgcc_s -plugin-opt=-pass-through=-lgcc -plugin-opt=-pass-through=-lc -plugin-opt=-pass-through=-lgcc_s -plugin-opt=-pass-through=-lgcc --sysroot=/ --build-id --eh-frame-hdr -m elf_x86_64 --hash-style=gnu --as-needed -export-dynamic -dynamic-linker /lib64/ld-linux-x86-64.so.2 -z relro -o cmTC_b5588 /usr/lib/gcc/x86_64-linux-gnu/5/../../../x86_64-linux-gnu/crt1.o /usr/lib/gcc/x86_64-linux-gnu/5/../../../x86_64-linux-gnu/crti.o /usr/lib/gcc/x86_64-linux-gnu/5/crtbegin.o -L/usr/lib/gcc/x86_64-linux-gnu/5 -L/usr/lib/gcc/x86_64-linux-gnu/5/../../../x86_64-linux-gnu -L/usr/lib/gcc/x86_64-linux-gnu/5/../../../../lib -L/lib/x86_64-linux-gnu -L/lib/../lib -L/usr/lib/x86_64-linux-gnu -L/usr/lib/../lib -L/usr/lib/gcc/x86_64-linux-gnu/5/../../.. CMakeFiles/cmTC_b5588.dir/CMakeCXXCompilerABI.cpp.o -lstdc++ -lm -lgcc_s -lgcc -lc -lgcc_s -lgcc /usr/lib/gcc/x86_64-linux-gnu/5/crtend.o /usr/lib/gcc/x86_64-linux-gnu/5/../../../x86_64-linux-gnu/crtn.o]
    arg [/usr/lib/gcc/x86_64-linux-gnu/5/collect2] ==> ignore
    arg [-plugin] ==> ignore
    arg [/usr/lib/gcc/x86_64-linux-gnu/5/liblto_plugin.so] ==> ignore
    arg [-plugin-opt=/usr/lib/gcc/x86_64-linux-gnu/5/lto-wrapper] ==> ignore
    arg [-plugin-opt=-fresolution=/tmp/ccRjYLRi.res] ==> ignore
    arg [-plugin-opt=-pass-through=-lgcc_s] ==> ignore
    arg [-plugin-opt=-pass-through=-lgcc] ==> ignore
    arg [-plugin-opt=-pass-through=-lc] ==> ignore
    arg [-plugin-opt=-pass-through=-lgcc_s] ==> ignore
    arg [-plugin-opt=-pass-through=-lgcc] ==> ignore
    arg [--sysroot=/] ==> ignore
    arg [--build-id] ==> ignore
    arg [--eh-frame-hdr] ==> ignore
    arg [-m] ==> ignore
    arg [elf_x86_64] ==> ignore
    arg [--hash-style=gnu] ==> ignore
    arg [--as-needed] ==> ignore
    arg [-export-dynamic] ==> ignore
    arg [-dynamic-linker] ==> ignore
    arg [/lib64/ld-linux-x86-64.so.2] ==> ignore
    arg [-zrelro] ==> ignore
    arg [-o] ==> ignore
    arg [cmTC_b5588] ==> ignore
    arg [/usr/lib/gcc/x86_64-linux-gnu/5/../../../x86_64-linux-gnu/crt1.o] ==> ignore
    arg [/usr/lib/gcc/x86_64-linux-gnu/5/../../../x86_64-linux-gnu/crti.o] ==> ignore
    arg [/usr/lib/gcc/x86_64-linux-gnu/5/crtbegin.o] ==> ignore
    arg [-L/usr/lib/gcc/x86_64-linux-gnu/5] ==> dir [/usr/lib/gcc/x86_64-linux-gnu/5]
    arg [-L/usr/lib/gcc/x86_64-linux-gnu/5/../../../x86_64-linux-gnu] ==> dir [/usr/lib/gcc/x86_64-linux-gnu/5/../../../x86_64-linux-gnu]
    arg [-L/usr/lib/gcc/x86_64-linux-gnu/5/../../../../lib] ==> dir [/usr/lib/gcc/x86_64-linux-gnu/5/../../../../lib]
    arg [-L/lib/x86_64-linux-gnu] ==> dir [/lib/x86_64-linux-gnu]
    arg [-L/lib/../lib] ==> dir [/lib/../lib]
    arg [-L/usr/lib/x86_64-linux-gnu] ==> dir [/usr/lib/x86_64-linux-gnu]
    arg [-L/usr/lib/../lib] ==> dir [/usr/lib/../lib]
    arg [-L/usr/lib/gcc/x86_64-linux-gnu/5/../../..] ==> dir [/usr/lib/gcc/x86_64-linux-gnu/5/../../..]
    arg [CMakeFiles/cmTC_b5588.dir/CMakeCXXCompilerABI.cpp.o] ==> ignore
    arg [-lstdc++] ==> lib [stdc++]
    arg [-lm] ==> lib [m]
    arg [-lgcc_s] ==> lib [gcc_s]
    arg [-lgcc] ==> lib [gcc]
    arg [-lc] ==> lib [c]
    arg [-lgcc_s] ==> lib [gcc_s]
    arg [-lgcc] ==> lib [gcc]
    arg [/usr/lib/gcc/x86_64-linux-gnu/5/crtend.o] ==> ignore
    arg [/usr/lib/gcc/x86_64-linux-gnu/5/../../../x86_64-linux-gnu/crtn.o] ==> ignore
  remove lib [gcc_s]
  remove lib [gcc]
  remove lib [gcc_s]
  remove lib [gcc]
  collapse library dir [/usr/lib/gcc/x86_64-linux-gnu/5] ==> [/usr/lib/gcc/x86_64-linux-gnu/5]
  collapse library dir [/usr/lib/gcc/x86_64-linux-gnu/5/../../../x86_64-linux-gnu] ==> [/usr/lib/x86_64-linux-gnu]
  collapse library dir [/usr/lib/gcc/x86_64-linux-gnu/5/../../../../lib] ==> [/usr/lib]
  collapse library dir [/lib/x86_64-linux-gnu] ==> [/lib/x86_64-linux-gnu]
  collapse library dir [/lib/../lib] ==> [/lib]
  collapse library dir [/usr/lib/x86_64-linux-gnu] ==> [/usr/lib/x86_64-linux-gnu]
  collapse library dir [/usr/lib/../lib] ==> [/usr/lib]
  collapse library dir [/usr/lib/gcc/x86_64-linux-gnu/5/../../..] ==> [/usr/lib]
  implicit libs: [stdc++;m;c]
  implicit dirs: [/usr/lib/gcc/x86_64-linux-gnu/5;/usr/lib/x86_64-linux-gnu;/usr/lib;/lib/x86_64-linux-gnu;/lib]
  implicit fwks: []




Detecting CXX [-std=c++14] compiler features compiled with the following output:
Change Dir: /mnt/dlt-daemon/build/CMakeFiles/CMakeTmp

Run Build Command:"/usr/bin/make" "cmTC_2de9e/fast"
/usr/bin/make -f CMakeFiles/cmTC_2de9e.dir/build.make CMakeFiles/cmTC_2de9e.dir/build
make[1]: Entering directory '/mnt/dlt-daemon/build/CMakeFiles/CMakeTmp'
Building CXX object CMakeFiles/cmTC_2de9e.dir/feature_tests.cxx.o
/usr/bin/c++     -std=c++14 -o CMakeFiles/cmTC_2de9e.dir/feature_tests.cxx.o -c /mnt/dlt-daemon/build/CMakeFiles/feature_tests.cxx
Linking CXX executable cmTC_2de9e
/usr/bin/cmake -E cmake_link_script CMakeFiles/cmTC_2de9e.dir/link.txt --verbose=1
/usr/bin/c++        CMakeFiles/cmTC_2de9e.dir/feature_tests.cxx.o  -o cmTC_2de9e -rdynamic 
make[1]: Leaving directory '/mnt/dlt-daemon/build/CMakeFiles/CMakeTmp'


    Feature record: CXX_FEATURE:1cxx_aggregate_default_initializers
    Feature record: CXX_FEATURE:1cxx_alias_templates
    Feature record: CXX_FEATURE:1cxx_alignas
    Feature record: CXX_FEATURE:1cxx_alignof
    Feature record: CXX_FEATURE:1cxx_attributes
    Feature record: CXX_FEATURE:1cxx_attribute_deprecated
    Feature record: CXX_FEATURE:1cxx_auto_type
    Feature record: CXX_FEATURE:1cxx_binary_literals
    Feature record: CXX_FEATURE:1cxx_constexpr
    Feature record: CXX_FEATURE:1cxx_contextual_conversions
    Feature record: CXX_FEATURE:1cxx_decltype
    Feature record: CXX_FEATURE:1cxx_decltype_auto
    Feature record: CXX_FEATURE:1cxx_decltype_incomplete_return_types
    Feature record: CXX_FEATURE:1cxx_default_function_template_args
    Feature record: CXX_FEATURE:1cxx_defaulted_functions
    Feature record: CXX_FEATURE:1cxx_defaulted_move_initializers
    Feature record: CXX_FEATURE:1cxx_delegating_constructors
    Feature record: CXX_FEATURE:1cxx_deleted_functions
    Feature record: CXX_FEATURE:1cxx_digit_separators
    Feature record: CXX_FEATURE:1cxx_enum_forward_declarations
    Feature record: CXX_FEATURE:1cxx_explicit_conversions
    Feature record: CXX_FEATURE:1cxx_extended_friend_declarations
    Feature record: CXX_FEATURE:1cxx_extern_templates
    Feature record: CXX_FEATURE:1cxx_final
    Feature record: CXX_FEATURE:1cxx_func_identifier
    Feature record: CXX_FEATURE:1cxx_generalized_initializers
    Feature record: CXX_FEATURE:1cxx_generic_lambdas
    Feature record: CXX_FEATURE:1cxx_inheriting_constructors
    Feature record: CXX_FEATURE:1cxx_inline_namespaces
    Feature record: CXX_FEATURE:1cxx_lambdas
    Feature record: CXX_FEATURE:1cxx_lambda_init_captures
    Feature record: CXX_FEATURE:1cxx_local_type_template_args
    Feature record: CXX_FEATURE:1cxx_long_long_type
    Feature record: CXX_FEATURE:1cxx_noexcept
    Feature record: CXX_FEATURE:1cxx_nonstatic_member_init
    Feature record: CXX_FEATURE:1cxx_nullptr
    Feature record: CXX_FEATURE:1cxx_override
    Feature record: CXX_FEATURE:1cxx_range_for
    Feature record: CXX_FEATURE:1cxx_raw_string_literals
    Feature record: CXX_FEATURE:1cxx_reference_qualified_functions
    Feature record: CXX_FEATURE:1cxx_relaxed_constexpr
    Feature record: CXX_FEATURE:1cxx_return_type_deduction
    Feature record: CXX_FEATURE:1cxx_right_angle_brackets
    Feature record: CXX_FEATURE:1cxx_rvalue_references
    Feature record: CXX_FEATURE:1cxx_sizeof_member
    Feature record: CXX_FEATURE:1cxx_static_assert
    Feature record: CXX_FEATURE:1cxx_strong_enums
    Feature record: CXX_FEATURE:1cxx_template_template_parameters
    Feature record: CXX_FEATURE:1cxx_thread_local
    Feature record: CXX_FEATURE:1cxx_trailing_return_types
    Feature record: CXX_FEATURE:1cxx_unicode_literals
    Feature record: CXX_FEATURE:1cxx_uniform_initialization
    Feature record: CXX_FEATURE:1cxx_unrestricted_unions
    Feature record: CXX_FEATURE:1cxx_user_literals
    Feature record: CXX_FEATURE:1cxx_variable_templates
    Feature record: CXX_FEATURE:1cxx_variadic_macros
    Feature record: CXX_FEATURE:1cxx_variadic_templates


Detecting CXX [-std=c++11] compiler features compiled with the following output:
Change Dir: /mnt/dlt-daemon/build/CMakeFiles/CMakeTmp

Run Build Command:"/usr/bin/make" "cmTC_18f0e/fast"
/usr/bin/make -f CMakeFiles/cmTC_18f0e.dir/build.make CMakeFiles/cmTC_18f0e.dir/build
make[1]: Entering directory '/mnt/dlt-daemon/build/CMakeFiles/CMakeTmp'
Building CXX object CMakeFiles/cmTC_18f0e.dir/feature_tests.cxx.o
/usr/bin/c++     -std=c++11 -o CMakeFiles/cmTC_18f0e.dir/feature_tests.cxx.o -c /mnt/dlt-daemon/build/CMakeFiles/feature_tests.cxx
Linking CXX executable cmTC_18f0e
/usr/bin/cmake -E cmake_link_script CMakeFiles/cmTC_18f0e.dir/link.txt --verbose=1
/usr/bin/c++        CMakeFiles/cmTC_18f0e.dir/feature_tests.cxx.o  -o cmTC_18f0e -rdynamic 
make[1]: Leaving directory '/mnt/dlt-daemon/build/CMakeFiles/CMakeTmp'


    Feature record: CXX_FEATURE:0cxx_aggregate_default_initializers
    Feature record: CXX_FEATURE:1cxx_alias_templates
    Feature record: CXX_FEATURE:1cxx_alignas
    Feature record: CXX_FEATURE:1cxx_alignof
    Feature record: CXX_FEATURE:1cxx_attributes
    Feature record: CXX_FEATURE:0cxx_attribute_deprecated
    Feature record: CXX_FEATURE:1cxx_auto_type
    Feature record: CXX_FEATURE:0cxx_binary_literals
    Feature record: CXX_FEATURE:1cxx_constexpr
    Feature record: CXX_FEATURE:0cxx_contextual_conversions
    Feature record: CXX_FEATURE:1cxx_decltype
    Feature record: CXX_FEATURE:0cxx_decltype_auto
    Feature record: CXX_FEATURE:1cxx_decltype_incomplete_return_types
    Feature record: CXX_FEATURE:1cxx_default_function_template_args
    Feature record: CXX_FEATURE:1cxx_defaulted_functions
    Feature record: CXX_FEATURE:1cxx_defaulted_move_initializers
    Feature record: CXX_FEATURE:1cxx_delegating_constructors
    Feature record: CXX_FEATURE:1cxx_deleted_functions
    Feature record: CXX_FEATURE:0cxx_digit_separators
    Feature record: CXX_FEATURE:1cxx_enum_forward_declarations
    Feature record: CXX_FEATURE:1cxx_explicit_conversions
    Feature record: CXX_FEATURE:1cxx_extended_friend_declarations
    Feature record: CXX_FEATURE:1cxx_extern_templates
    Feature record: CXX_FEATURE:1cxx_final
    Feature record: CXX_FEATURE:1cxx_func_identifier
    Feature record: CXX_FEATURE:1cxx_generalized_initializers
    Feature record: CXX_FEATURE:0cxx_generic_lambdas
    Feature record: CXX_FEATURE:1cxx_inheriting_constructors
    Feature record: CXX_FEATURE:1cxx_inline_namespaces
    Feature record: CXX_FEATURE:1cxx_lambdas
    Feature record: CXX_FEATURE:0cxx_lambda_init_captures
    Feature record: CXX_FEATURE:1cxx_local_type_template_args
    Feature record: CXX_FEATURE:1cxx_long_long_type
    Feature record: CXX_FEATURE:1cxx_noexcept
    Feature record: CXX_FEATURE:1cxx_nonstatic_member_init
    Feature record: CXX_FEATURE:1cxx_nullptr
    Feature record: CXX_FEATURE:1cxx_override
    Feature record: CXX_FEATURE:1cxx_range_for
    Feature record: CXX_FEATURE:1cxx_raw_string_literals
    Feature record: CXX_FEATURE:1cxx_reference_qualified_functions
    Feature record: CXX_FEATURE:0cxx_relaxed_constexpr
    Feature record: CXX_FEATURE:0cxx_return_type_deduction
    Feature record: CXX_FEATURE:1cxx_right_angle_brackets
    Feature record: CXX_FEATURE:1cxx_rvalue_references
    Feature record: CXX_FEATURE:1cxx_sizeof_member
    Feature record: CXX_FEATURE:1cxx_static_assert
    Feature record: CXX_FEATURE:1cxx_strong_enums
    Feature record: CXX_FEATURE:1cxx_template_template_parameters
    Feature record: CXX_FEATURE:1cxx_thread_local
    Feature record: CXX_FEATURE:1cxx_trailing_return_types
    Feature record: CXX_FEATURE:1cxx_unicode_literals
    Feature record: CXX_FEATURE:1cxx_uniform_initialization
    Feature record: CXX_FEATURE:1cxx_unrestricted_unions
    Feature record: CXX_FEATURE:1cxx_user_literals
    Feature record: CXX_FEATURE:0cxx_variable_templates
    Feature record: CXX_FEATURE:1cxx_variadic_macros
    Feature record: CXX_FEATURE:1cxx_variadic_templates


Detecting CXX [-std=c++98] compiler features compiled with the following output:
Change Dir: /mnt/dlt-daemon/build/CMakeFiles/CMakeTmp

Run Build Command:"/usr/bin/make" "cmTC_989c0/fast"
/usr/bin/make -f CMakeFiles/cmTC_989c0.dir/build.make CMakeFiles/cmTC_989c0.dir/build
make[1]: Entering directory '/mnt/dlt-daemon/build/CMakeFiles/CMakeTmp'
Building CXX object CMakeFiles/cmTC_989c0.dir/feature_tests.cxx.o
/usr/bin/c++     -std=c++98 -o CMakeFiles/cmTC_989c0.dir/feature_tests.cxx.o -c /mnt/dlt-daemon/build/CMakeFiles/feature_tests.cxx
Linking CXX executable cmTC_989c0
/usr/bin/cmake -E cmake_link_script CMakeFiles/cmTC_989c0.dir/link.txt --verbose=1
/usr/bin/c++        CMakeFiles/cmTC_989c0.dir/feature_tests.cxx.o  -o cmTC_989c0 -rdynamic 
make[1]: Leaving directory '/mnt/dlt-daemon/build/CMakeFiles/CMakeTmp'


    Feature record: CXX_FEATURE:0cxx_aggregate_default_initializers
    Feature record: CXX_FEATURE:0cxx_alias_templates
    Feature record: CXX_FEATURE:0cxx_alignas
    Feature record: CXX_FEATURE:0cxx_alignof
    Feature record: CXX_FEATURE:0cxx_attributes
    Feature record: CXX_FEATURE:0cxx_attribute_deprecated
    Feature record: CXX_FEATURE:0cxx_auto_type
    Feature record: CXX_FEATURE:0cxx_binary_literals
    Feature record: CXX_FEATURE:0cxx_constexpr
    Feature record: CXX_FEATURE:0cxx_contextual_conversions
    Feature record: CXX_FEATURE:0cxx_decltype
    Feature record: CXX_FEATURE:0cxx_decltype_auto
    Feature record: CXX_FEATURE:0cxx_decltype_incomplete_return_types
    Feature record: CXX_FEATURE:0cxx_default_function_template_args
    Feature record: CXX_FEATURE:0cxx_defaulted_functions
    Feature record: CXX_FEATURE:0cxx_defaulted_move_initializers
    Feature record: CXX_FEATURE:0cxx_delegating_constructors
    Feature record: CXX_FEATURE:0cxx_deleted_functions
    Feature record: CXX_FEATURE:0cxx_digit_separators
    Feature record: CXX_FEATURE:0cxx_enum_forward_declarations
    Feature record: CXX_FEATURE:0cxx_explicit_conversions
    Feature record: CXX_FEATURE:0cxx_extended_friend_declarations
    Feature record: CXX_FEATURE:0cxx_extern_templates
    Feature record: CXX_FEATURE:0cxx_final
    Feature record: CXX_FEATURE:0cxx_func_identifier
    Feature record: CXX_FEATURE:0cxx_generalized_initializers
    Feature record: CXX_FEATURE:0cxx_generic_lambdas
    Feature record: CXX_FEATURE:0cxx_inheriting_constructors
    Feature record: CXX_FEATURE:0cxx_inline_namespaces
    Feature record: CXX_FEATURE:0cxx_lambdas
    Feature record: CXX_FEATURE:0cxx_lambda_init_captures
    Feature record: CXX_FEATURE:0cxx_local_type_template_args
    Feature record: CXX_FEATURE:0cxx_long_long_type
    Feature record: CXX_FEATURE:0cxx_noexcept
    Feature record: CXX_FEATURE:0cxx_nonstatic_member_init
    Feature record: CXX_FEATURE:0cxx_nullptr
    Feature record: CXX_FEATURE:0cxx_override
    Feature record: CXX_FEATURE:0cxx_range_for
    Feature record: CXX_FEATURE:0cxx_raw_string_literals
    Feature record: CXX_FEATURE:0cxx_reference_qualified_functions
    Feature record: CXX_FEATURE:0cxx_relaxed_constexpr
    Feature record: CXX_FEATURE:0cxx_return_type_deduction
    Feature record: CXX_FEATURE:0cxx_right_angle_brackets
    Feature record: CXX_FEATURE:0cxx_rvalue_references
    Feature record: CXX_FEATURE:0cxx_sizeof_member
    Feature record: CXX_FEATURE:0cxx_static_assert
    Feature record: CXX_FEATURE:0cxx_strong_enums
    Feature record: CXX_FEATURE:1cxx_template_template_parameters
    Feature record: CXX_FEATURE:0cxx_thread_local
    Feature record: CXX_FEATURE:0cxx_trailing_return_types
    Feature record: CXX_FEATURE:0cxx_unicode_literals
    Feature record: CXX_FEATURE:0cxx_uniform_initialization
    Feature record: CXX_FEATURE:0cxx_unrestricted_unions
    Feature record: CXX_FEATURE:0cxx_user_literals
    Feature record: CXX_FEATURE:0cxx_variable_templates
    Feature record: CXX_FEATURE:0cxx_variadic_macros
    Feature record: CXX_FEATURE:0cxx_variadic_templates
Determining if the include file pthread.h exists passed with the following output:
Change Dir: /mnt/dlt-daemon/build/CMakeFiles/CMakeTmp

Run Build Command:"/usr/bin/make" "cmTC_1c2e3/fast"
/usr/bin/make -f CMakeFiles/cmTC_1c2e3.dir/build.make CMakeFiles/cmTC_1c2e3.dir/build
make[1]: Entering directory '/mnt/dlt-daemon/build/CMakeFiles/CMakeTmp'
Building C object CMakeFiles/cmTC_1c2e3.dir/CheckIncludeFile.c.o
/usr/bin/cc     -o CMakeFiles/cmTC_1c2e3.dir/CheckIncludeFile.c.o   -c /mnt/dlt-daemon/build/CMakeFiles/CMakeTmp/CheckIncludeFile.c
Linking C executable cmTC_1c2e3
/usr/bin/cmake -E cmake_link_script CMakeFiles/cmTC_1c2e3.dir/link.txt --verbose=1
/usr/bin/cc       CMakeFiles/cmTC_1c2e3.dir/CheckIncludeFile.c.o  -o cmTC_1c2e3 -rdynamic 
make[1]: Leaving directory '/mnt/dlt-daemon/build/CMakeFiles/CMakeTmp'


Determining if the function pthread_create exists in the pthread passed with the following output:
Change Dir: /mnt/dlt-daemon/build/CMakeFiles/CMakeTmp

Run Build Command:"/usr/bin/make" "cmTC_cae05/fast"
/usr/bin/make -f CMakeFiles/cmTC_cae05.dir/build.make CMakeFiles/cmTC_cae05.dir/build
make[1]: Entering directory '/mnt/dlt-daemon/build/CMakeFiles/CMakeTmp'
Building C object CMakeFiles/cmTC_cae05.dir/CheckFunctionExists.c.o
/usr/bin/cc    -DCHECK_FUNCTION_EXISTS=pthread_create   -o CMakeFiles/cmTC_cae05.dir/CheckFunctionExists.c.o   -c /usr/share/cmake-3.5/Modules/CheckFunctionExists.c
Linking C executable cmTC_cae05
/usr/bin/cmake -E cmake_link_script CMakeFiles/cmTC_cae05.dir/link.txt --verbose=1
/usr/bin/cc   -DCHECK_FUNCTION_EXISTS=pthread_create    CMakeFiles/cmTC_cae05.dir/CheckFunctionExists.c.o  -o cmTC_cae05 -rdynamic -lpthread 
make[1]: Leaving directory '/mnt/dlt-daemon/build/CMakeFiles/CMakeTmp'


Determining if the include file sys/types.h exists passed with the following output:
Change Dir: /mnt/dlt-daemon/build/CMakeFiles/CMakeTmp

Run Build Command:"/usr/bin/make" "cmTC_43759/fast"
/usr/bin/make -f CMakeFiles/cmTC_43759.dir/build.make CMakeFiles/cmTC_43759.dir/build
make[1]: Entering directory '/mnt/dlt-daemon/build/CMakeFiles/CMakeTmp'
Building C object CMakeFiles/cmTC_43759.dir/CheckIncludeFile.c.o
/usr/bin/cc     -o CMakeFiles/cmTC_43759.dir/CheckIncludeFile.c.o   -c /mnt/dlt-daemon/build/CMakeFiles/CMakeTmp/CheckIncludeFile.c
Linking C executable cmTC_43759
/usr/bin/cmake -E cmake_link_script CMakeFiles/cmTC_43759.dir/link.txt --verbose=1
/usr/bin/cc       CMakeFiles/cmTC_43759.dir/CheckIncludeFile.c.o  -o cmTC_43759 -rdynamic 
make[1]: Leaving directory '/mnt/dlt-daemon/build/CMakeFiles/CMakeTmp'


Determining if the include file stdint.h exists passed with the following output:
Change Dir: /mnt/dlt-daemon/build/CMakeFiles/CMakeTmp

Run Build Command:"/usr/bin/make" "cmTC_21937/fast"
/usr/bin/make -f CMakeFiles/cmTC_21937.dir/build.make CMakeFiles/cmTC_21937.dir/build
make[1]: Entering directory '/mnt/dlt-daemon/build/CMakeFiles/CMakeTmp'
Building C object CMakeFiles/cmTC_21937.dir/CheckIncludeFile.c.o
/usr/bin/cc     -o CMakeFiles/cmTC_21937.dir/CheckIncludeFile.c.o   -c /mnt/dlt-daemon/build/CMakeFiles/CMakeTmp/CheckIncludeFile.c
Linking C executable cmTC_21937
/usr/bin/cmake -E cmake_link_script CMakeFiles/cmTC_21937.dir/link.txt --verbose=1
/usr/bin/cc       CMakeFiles/cmTC_21937.dir/CheckIncludeFile.c.o  -o cmTC_21937 -rdynamic 
make[1]: Leaving directory '/mnt/dlt-daemon/build/CMakeFiles/CMakeTmp'


Determining if the include file stddef.h exists passed with the following output:
Change Dir: /mnt/dlt-daemon/build/CMakeFiles/CMakeTmp

Run Build Command:"/usr/bin/make" "cmTC_e820a/fast"
/usr/bin/make -f CMakeFiles/cmTC_e820a.dir/build.make CMakeFiles/cmTC_e820a.dir/build
make[1]: Entering directory '/mnt/dlt-daemon/build/CMakeFiles/CMakeTmp'
Building C object CMakeFiles/cmTC_e820a.dir/CheckIncludeFile.c.o
/usr/bin/cc     -o CMakeFiles/cmTC_e820a.dir/CheckIncludeFile.c.o   -c /mnt/dlt-daemon/build/CMakeFiles/CMakeTmp/CheckIncludeFile.c
Linking C executable cmTC_e820a
/usr/bin/cmake -E cmake_link_script CMakeFiles/cmTC_e820a.dir/link.txt --verbose=1
/usr/bin/cc       CMakeFiles/cmTC_e820a.dir/CheckIncludeFile.c.o  -o cmTC_e820a -rdynamic 
make[1]: Leaving directory '/mnt/dlt-daemon/build/CMakeFiles/CMakeTmp'


Determining size of unsigned short passed with the following output:
Change Dir: /mnt/dlt-daemon/build/CMakeFiles/CMakeTmp

Run Build Command:"/usr/bin/make" "cmTC_ea980/fast"
/usr/bin/make -f CMakeFiles/cmTC_ea980.dir/build.make CMakeFiles/cmTC_ea980.dir/build
make[1]: Entering directory '/mnt/dlt-daemon/build/CMakeFiles/CMakeTmp'
Building C object CMakeFiles/cmTC_ea980.dir/CMAKE_SIZEOF_UNSIGNED_SHORT.c.o
/usr/bin/cc     -o CMakeFiles/cmTC_ea980.dir/CMAKE_SIZEOF_UNSIGNED_SHORT.c.o   -c /mnt/dlt-daemon/build/CMakeFiles/CheckTypeSize/CMAKE_SIZEOF_UNSIGNED_SHORT.c
Linking C executable cmTC_ea980
/usr/bin/cmake -E cmake_link_script CMakeFiles/cmTC_ea980.dir/link.txt --verbose=1
/usr/bin/cc       CMakeFiles/cmTC_ea980.dir/CMAKE_SIZEOF_UNSIGNED_SHORT.c.o  -o cmTC_ea980 -rdynamic 
make[1]: Leaving directory '/mnt/dlt-daemon/build/CMakeFiles/CMakeTmp'


Determining if files arpa/inet.h exist passed with the following output:
Change Dir: /mnt/dlt-daemon/build/CMakeFiles/CMakeTmp

Run Build Command:"/usr/bin/make" "cmTC_a39e8/fast"
/usr/bin/make -f CMakeFiles/cmTC_a39e8.dir/build.make CMakeFiles/cmTC_a39e8.dir/build
make[1]: Entering directory '/mnt/dlt-daemon/build/CMakeFiles/CMakeTmp'
Building C object CMakeFiles/cmTC_a39e8.dir/CheckIncludeFiles.c.o
/usr/bin/cc     -o CMakeFiles/cmTC_a39e8.dir/CheckIncludeFiles.c.o   -c /mnt/dlt-daemon/build/CMakeFiles/CMakeTmp/CheckIncludeFiles.c
Linking C executable cmTC_a39e8
/usr/bin/cmake -E cmake_link_script CMakeFiles/cmTC_a39e8.dir/link.txt --verbose=1
/usr/bin/cc       CMakeFiles/cmTC_a39e8.dir/CheckIncludeFiles.c.o  -o cmTC_a39e8 -rdynamic 
make[1]: Leaving directory '/mnt/dlt-daemon/build/CMakeFiles/CMakeTmp'


Determining if files fcntl.h exist passed with the following output:
Change Dir: /mnt/dlt-daemon/build/CMakeFiles/CMakeTmp

Run Build Command:"/usr/bin/make" "cmTC_85d71/fast"
/usr/bin/make -f CMakeFiles/cmTC_85d71.dir/build.make CMakeFiles/cmTC_85d71.dir/build
make[1]: Entering directory '/mnt/dlt-daemon/build/CMakeFiles/CMakeTmp'
Building C object CMakeFiles/cmTC_85d71.dir/CheckIncludeFiles.c.o
/usr/bin/cc     -o CMakeFiles/cmTC_85d71.dir/CheckIncludeFiles.c.o   -c /mnt/dlt-daemon/build/CMakeFiles/CMakeTmp/CheckIncludeFiles.c
Linking C executable cmTC_85d71
/usr/bin/cmake -E cmake_link_script CMakeFiles/cmTC_85d71.dir/link.txt --verbose=1
/usr/bin/cc       CMakeFiles/cmTC_85d71.dir/CheckIncludeFiles.c.o  -o cmTC_85d71 -rdynamic 
make[1]: Leaving directory '/mnt/dlt-daemon/build/CMakeFiles/CMakeTmp'


Determining if files float.h exist passed with the following output:
Change Dir: /mnt/dlt-daemon/build/CMakeFiles/CMakeTmp

Run Build Command:"/usr/bin/make" "cmTC_ee036/fast"
/usr/bin/make -f CMakeFiles/cmTC_ee036.dir/build.make CMakeFiles/cmTC_ee036.dir/build
make[1]: Entering directory '/mnt/dlt-daemon/build/CMakeFiles/CMakeTmp'
Building C object CMakeFiles/cmTC_ee036.dir/CheckIncludeFiles.c.o
/usr/bin/cc     -o CMakeFiles/cmTC_ee036.dir/CheckIncludeFiles.c.o   -c /mnt/dlt-daemon/build/CMakeFiles/CMakeTmp/CheckIncludeFiles.c
Linking C executable cmTC_ee036
/usr/bin/cmake -E cmake_link_script CMakeFiles/cmTC_ee036.dir/link.txt --verbose=1
/usr/bin/cc       CMakeFiles/cmTC_ee036.dir/CheckIncludeFiles.c.o  -o cmTC_ee036 -rdynamic 
make[1]: Leaving directory '/mnt/dlt-daemon/build/CMakeFiles/CMakeTmp'


Determining if files limits.h exist passed with the following output:
Change Dir: /mnt/dlt-daemon/build/CMakeFiles/CMakeTmp

Run Build Command:"/usr/bin/make" "cmTC_f2170/fast"
/usr/bin/make -f CMakeFiles/cmTC_f2170.dir/build.make CMakeFiles/cmTC_f2170.dir/build
make[1]: Entering directory '/mnt/dlt-daemon/build/CMakeFiles/CMakeTmp'
Building C object CMakeFiles/cmTC_f2170.dir/CheckIncludeFiles.c.o
/usr/bin/cc     -o CMakeFiles/cmTC_f2170.dir/CheckIncludeFiles.c.o   -c /mnt/dlt-daemon/build/CMakeFiles/CMakeTmp/CheckIncludeFiles.c
Linking C executable cmTC_f2170
/usr/bin/cmake -E cmake_link_script CMakeFiles/cmTC_f2170.dir/link.txt --verbose=1
/usr/bin/cc       CMakeFiles/cmTC_f2170.dir/CheckIncludeFiles.c.o  -o cmTC_f2170 -rdynamic 
make[1]: Leaving directory '/mnt/dlt-daemon/build/CMakeFiles/CMakeTmp'


Determining if files netdb.h exist passed with the following output:
Change Dir: /mnt/dlt-daemon/build/CMakeFiles/CMakeTmp

Run Build Command:"/usr/bin/make" "cmTC_3619c/fast"
/usr/bin/make -f CMakeFiles/cmTC_3619c.dir/build.make CMakeFiles/cmTC_3619c.dir/build
make[1]: Entering directory '/mnt/dlt-daemon/build/CMakeFiles/CMakeTmp'
Building C object CMakeFiles/cmTC_3619c.dir/CheckIncludeFiles.c.o
/usr/bin/cc     -o CMakeFiles/cmTC_3619c.dir/CheckIncludeFiles.c.o   -c /mnt/dlt-daemon/build/CMakeFiles/CMakeTmp/CheckIncludeFiles.c
Linking C executable cmTC_3619c
/usr/bin/cmake -E cmake_link_script CMakeFiles/cmTC_3619c.dir/link.txt --verbose=1
/usr/bin/cc       CMakeFiles/cmTC_3619c.dir/CheckIncludeFiles.c.o  -o cmTC_3619c -rdynamic 
make[1]: Leaving directory '/mnt/dlt-daemon/build/CMakeFiles/CMakeTmp'


Determining if files netinet/in.h exist passed with the following output:
Change Dir: /mnt/dlt-daemon/build/CMakeFiles/CMakeTmp

Run Build Command:"/usr/bin/make" "cmTC_a2250/fast"
/usr/bin/make -f CMakeFiles/cmTC_a2250.dir/build.make CMakeFiles/cmTC_a2250.dir/build
make[1]: Entering directory '/mnt/dlt-daemon/build/CMakeFiles/CMakeTmp'
Building C object CMakeFiles/cmTC_a2250.dir/CheckIncludeFiles.c.o
/usr/bin/cc     -o CMakeFiles/cmTC_a2250.dir/CheckIncludeFiles.c.o   -c /mnt/dlt-daemon/build/CMakeFiles/CMakeTmp/CheckIncludeFiles.c
Linking C executable cmTC_a2250
/usr/bin/cmake -E cmake_link_script CMakeFiles/cmTC_a2250.dir/link.txt --verbose=1
/usr/bin/cc       CMakeFiles/cmTC_a2250.dir/CheckIncludeFiles.c.o  -o cmTC_a2250 -rdynamic 
make[1]: Leaving directory '/mnt/dlt-daemon/build/CMakeFiles/CMakeTmp'


Determining if files stdlib.h exist passed with the following output:
Change Dir: /mnt/dlt-daemon/build/CMakeFiles/CMakeTmp

Run Build Command:"/usr/bin/make" "cmTC_7481b/fast"
/usr/bin/make -f CMakeFiles/cmTC_7481b.dir/build.make CMakeFiles/cmTC_7481b.dir/build
make[1]: Entering directory '/mnt/dlt-daemon/build/CMakeFiles/CMakeTmp'
Building C object CMakeFiles/cmTC_7481b.dir/CheckIncludeFiles.c.o
/usr/bin/cc     -o CMakeFiles/cmTC_7481b.dir/CheckIncludeFiles.c.o   -c /mnt/dlt-daemon/build/CMakeFiles/CMakeTmp/CheckIncludeFiles.c
Linking C executable cmTC_7481b
/usr/bin/cmake -E cmake_link_script CMakeFiles/cmTC_7481b.dir/link.txt --verbose=1
/usr/bin/cc       CMakeFiles/cmTC_7481b.dir/CheckIncludeFiles.c.o  -o cmTC_7481b -rdynamic 
make[1]: Leaving directory '/mnt/dlt-daemon/build/CMakeFiles/CMakeTmp'


Determining if files string.h exist passed with the following output:
Change Dir: /mnt/dlt-daemon/build/CMakeFiles/CMakeTmp

Run Build Command:"/usr/bin/make" "cmTC_19f80/fast"
/usr/bin/make -f CMakeFiles/cmTC_19f80.dir/build.make CMakeFiles/cmTC_19f80.dir/build
make[1]: Entering directory '/mnt/dlt-daemon/build/CMakeFiles/CMakeTmp'
Building C object CMakeFiles/cmTC_19f80.dir/CheckIncludeFiles.c.o
/usr/bin/cc     -o CMakeFiles/cmTC_19f80.dir/CheckIncludeFiles.c.o   -c /mnt/dlt-daemon/build/CMakeFiles/CMakeTmp/CheckIncludeFiles.c
Linking C executable cmTC_19f80
/usr/bin/cmake -E cmake_link_script CMakeFiles/cmTC_19f80.dir/link.txt --verbose=1
/usr/bin/cc       CMakeFiles/cmTC_19f80.dir/CheckIncludeFiles.c.o  -o cmTC_19f80 -rdynamic 
make[1]: Leaving directory '/mnt/dlt-daemon/build/CMakeFiles/CMakeTmp'


Determining if files sys/ioctl.h exist passed with the following output:
Change Dir: /mnt/dlt-daemon/build/CMakeFiles/CMakeTmp

Run Build Command:"/usr/bin/make" "cmTC_a4f32/fast"
/usr/bin/make -f CMakeFiles/cmTC_a4f32.dir/build.make CMakeFiles/cmTC_a4f32.dir/build
make[1]: Entering directory '/mnt/dlt-daemon/build/CMakeFiles/CMakeTmp'
Building C object CMakeFiles/cmTC_a4f32.dir/CheckIncludeFiles.c.o
/usr/bin/cc     -o CMakeFiles/cmTC_a4f32.dir/CheckIncludeFiles.c.o   -c /mnt/dlt-daemon/build/CMakeFiles/CMakeTmp/CheckIncludeFiles.c
Linking C executable cmTC_a4f32
/usr/bin/cmake -E cmake_link_script CMakeFiles/cmTC_a4f32.dir/link.txt --verbose=1
/usr/bin/cc       CMakeFiles/cmTC_a4f32.dir/CheckIncludeFiles.c.o  -o cmTC_a4f32 -rdynamic 
make[1]: Leaving directory '/mnt/dlt-daemon/build/CMakeFiles/CMakeTmp'


Determining if files sys/socket.h exist passed with the following output:
Change Dir: /mnt/dlt-daemon/build/CMakeFiles/CMakeTmp

Run Build Command:"/usr/bin/make" "cmTC_db88a/fast"
/usr/bin/make -f CMakeFiles/cmTC_db88a.dir/build.make CMakeFiles/cmTC_db88a.dir/build
make[1]: Entering directory '/mnt/dlt-daemon/build/CMakeFiles/CMakeTmp'
Building C object CMakeFiles/cmTC_db88a.dir/CheckIncludeFiles.c.o
/usr/bin/cc     -o CMakeFiles/cmTC_db88a.dir/CheckIncludeFiles.c.o   -c /mnt/dlt-daemon/build/CMakeFiles/CMakeTmp/CheckIncludeFiles.c
Linking C executable cmTC_db88a
/usr/bin/cmake -E cmake_link_script CMakeFiles/cmTC_db88a.dir/link.txt --verbose=1
/usr/bin/cc       CMakeFiles/cmTC_db88a.dir/CheckIncludeFiles.c.o  -o cmTC_db88a -rdynamic 
make[1]: Leaving directory '/mnt/dlt-daemon/build/CMakeFiles/CMakeTmp'


Determining if files sys/time.h exist passed with the following output:
Change Dir: /mnt/dlt-daemon/build/CMakeFiles/CMakeTmp

Run Build Command:"/usr/bin/make" "cmTC_b0934/fast"
/usr/bin/make -f CMakeFiles/cmTC_b0934.dir/build.make CMakeFiles/cmTC_b0934.dir/build
make[1]: Entering directory '/mnt/dlt-daemon/build/CMakeFiles/CMakeTmp'
Building C object CMakeFiles/cmTC_b0934.dir/CheckIncludeFiles.c.o
/usr/bin/cc     -o CMakeFiles/cmTC_b0934.dir/CheckIncludeFiles.c.o   -c /mnt/dlt-daemon/build/CMakeFiles/CMakeTmp/CheckIncludeFiles.c
Linking C executable cmTC_b0934
/usr/bin/cmake -E cmake_link_script CMakeFiles/cmTC_b0934.dir/link.txt --verbose=1
/usr/bin/cc       CMakeFiles/cmTC_b0934.dir/CheckIncludeFiles.c.o  -o cmTC_b0934 -rdynamic 
make[1]: Leaving directory '/mnt/dlt-daemon/build/CMakeFiles/CMakeTmp'


Determining if files unistd.h exist passed with the following output:
Change Dir: /mnt/dlt-daemon/build/CMakeFiles/CMakeTmp

Run Build Command:"/usr/bin/make" "cmTC_732e7/fast"
/usr/bin/make -f CMakeFiles/cmTC_732e7.dir/build.make CMakeFiles/cmTC_732e7.dir/build
make[1]: Entering directory '/mnt/dlt-daemon/build/CMakeFiles/CMakeTmp'
Building C object CMakeFiles/cmTC_732e7.dir/CheckIncludeFiles.c.o
/usr/bin/cc     -o CMakeFiles/cmTC_732e7.dir/CheckIncludeFiles.c.o   -c /mnt/dlt-daemon/build/CMakeFiles/CMakeTmp/CheckIncludeFiles.c
Linking C executable cmTC_732e7
/usr/bin/cmake -E cmake_link_script CMakeFiles/cmTC_732e7.dir/link.txt --verbose=1
/usr/bin/cc       CMakeFiles/cmTC_732e7.dir/CheckIncludeFiles.c.o  -o cmTC_732e7 -rdynamic 
make[1]: Leaving directory '/mnt/dlt-daemon/build/CMakeFiles/CMakeTmp'


Determining if files sys/ipc.h exist passed with the following output:
Change Dir: /mnt/dlt-daemon/build/CMakeFiles/CMakeTmp

Run Build Command:"/usr/bin/make" "cmTC_e0357/fast"
/usr/bin/make -f CMakeFiles/cmTC_e0357.dir/build.make CMakeFiles/cmTC_e0357.dir/build
make[1]: Entering directory '/mnt/dlt-daemon/build/CMakeFiles/CMakeTmp'
Building C object CMakeFiles/cmTC_e0357.dir/CheckIncludeFiles.c.o
/usr/bin/cc     -o CMakeFiles/cmTC_e0357.dir/CheckIncludeFiles.c.o   -c /mnt/dlt-daemon/build/CMakeFiles/CMakeTmp/CheckIncludeFiles.c
Linking C executable cmTC_e0357
/usr/bin/cmake -E cmake_link_script CMakeFiles/cmTC_e0357.dir/link.txt --verbose=1
/usr/bin/cc       CMakeFiles/cmTC_e0357.dir/CheckIncludeFiles.c.o  -o cmTC_e0357 -rdynamic 
make[1]: Leaving directory '/mnt/dlt-daemon/build/CMakeFiles/CMakeTmp'


Determining if files ctype.h exist passed with the following output:
Change Dir: /mnt/dlt-daemon/build/CMakeFiles/CMakeTmp

Run Build Command:"/usr/bin/make" "cmTC_2605a/fast"
/usr/bin/make -f CMakeFiles/cmTC_2605a.dir/build.make CMakeFiles/cmTC_2605a.dir/build
make[1]: Entering directory '/mnt/dlt-daemon/build/CMakeFiles/CMakeTmp'
Building C object CMakeFiles/cmTC_2605a.dir/CheckIncludeFiles.c.o
/usr/bin/cc     -o CMakeFiles/cmTC_2605a.dir/CheckIncludeFiles.c.o   -c /mnt/dlt-daemon/build/CMakeFiles/CMakeTmp/CheckIncludeFiles.c
Linking C executable cmTC_2605a
/usr/bin/cmake -E cmake_link_script CMakeFiles/cmTC_2605a.dir/link.txt --verbose=1
/usr/bin/cc       CMakeFiles/cmTC_2605a.dir/CheckIncludeFiles.c.o  -o cmTC_2605a -rdynamic 
make[1]: Leaving directory '/mnt/dlt-daemon/build/CMakeFiles/CMakeTmp'


Determining if files signal.h exist passed with the following output:
Change Dir: /mnt/dlt-daemon/build/CMakeFiles/CMakeTmp

Run Build Command:"/usr/bin/make" "cmTC_a1db2/fast"
/usr/bin/make -f CMakeFiles/cmTC_a1db2.dir/build.make CMakeFiles/cmTC_a1db2.dir/build
make[1]: Entering directory '/mnt/dlt-daemon/build/CMakeFiles/CMakeTmp'
Building C object CMakeFiles/cmTC_a1db2.dir/CheckIncludeFiles.c.o
/usr/bin/cc     -o CMakeFiles/cmTC_a1db2.dir/CheckIncludeFiles.c.o   -c /mnt/dlt-daemon/build/CMakeFiles/CMakeTmp/CheckIncludeFiles.c
Linking C executable cmTC_a1db2
/usr/bin/cmake -E cmake_link_script CMakeFiles/cmTC_a1db2.dir/link.txt --verbose=1
/usr/bin/cc       CMakeFiles/cmTC_a1db2.dir/CheckIncludeFiles.c.o  -o cmTC_a1db2 -rdynamic 
make[1]: Leaving directory '/mnt/dlt-daemon/build/CMakeFiles/CMakeTmp'


Determining if files syslog.h exist passed with the following output:
Change Dir: /mnt/dlt-daemon/build/CMakeFiles/CMakeTmp

Run Build Command:"/usr/bin/make" "cmTC_07c6b/fast"
/usr/bin/make -f CMakeFiles/cmTC_07c6b.dir/build.make CMakeFiles/cmTC_07c6b.dir/build
make[1]: Entering directory '/mnt/dlt-daemon/build/CMakeFiles/CMakeTmp'
Building C object CMakeFiles/cmTC_07c6b.dir/CheckIncludeFiles.c.o
/usr/bin/cc     -o CMakeFiles/cmTC_07c6b.dir/CheckIncludeFiles.c.o   -c /mnt/dlt-daemon/build/CMakeFiles/CMakeTmp/CheckIncludeFiles.c
Linking C executable cmTC_07c6b
/usr/bin/cmake -E cmake_link_script CMakeFiles/cmTC_07c6b.dir/link.txt --verbose=1
/usr/bin/cc       CMakeFiles/cmTC_07c6b.dir/CheckIncludeFiles.c.o  -o cmTC_07c6b -rdynamic 
make[1]: Leaving directory '/mnt/dlt-daemon/build/CMakeFiles/CMakeTmp'


Determining if files sys/stat.h exist passed with the following output:
Change Dir: /mnt/dlt-daemon/build/CMakeFiles/CMakeTmp

Run Build Command:"/usr/bin/make" "cmTC_f2c7b/fast"
/usr/bin/make -f CMakeFiles/cmTC_f2c7b.dir/build.make CMakeFiles/cmTC_f2c7b.dir/build
make[1]: Entering directory '/mnt/dlt-daemon/build/CMakeFiles/CMakeTmp'
Building C object CMakeFiles/cmTC_f2c7b.dir/CheckIncludeFiles.c.o
/usr/bin/cc     -o CMakeFiles/cmTC_f2c7b.dir/CheckIncludeFiles.c.o   -c /mnt/dlt-daemon/build/CMakeFiles/CMakeTmp/CheckIncludeFiles.c
Linking C executable cmTC_f2c7b
/usr/bin/cmake -E cmake_link_script CMakeFiles/cmTC_f2c7b.dir/link.txt --verbose=1
/usr/bin/cc       CMakeFiles/cmTC_f2c7b.dir/CheckIncludeFiles.c.o  -o cmTC_f2c7b -rdynamic 
make[1]: Leaving directory '/mnt/dlt-daemon/build/CMakeFiles/CMakeTmp'


Determining if files linux/stat.h exist passed with the following output:
Change Dir: /mnt/dlt-daemon/build/CMakeFiles/CMakeTmp

Run Build Command:"/usr/bin/make" "cmTC_dff3b/fast"
/usr/bin/make -f CMakeFiles/cmTC_dff3b.dir/build.make CMakeFiles/cmTC_dff3b.dir/build
make[1]: Entering directory '/mnt/dlt-daemon/build/CMakeFiles/CMakeTmp'
Building C object CMakeFiles/cmTC_dff3b.dir/CheckIncludeFiles.c.o
/usr/bin/cc     -o CMakeFiles/cmTC_dff3b.dir/CheckIncludeFiles.c.o   -c /mnt/dlt-daemon/build/CMakeFiles/CMakeTmp/CheckIncludeFiles.c
Linking C executable cmTC_dff3b
/usr/bin/cmake -E cmake_link_script CMakeFiles/cmTC_dff3b.dir/link.txt --verbose=1
/usr/bin/cc       CMakeFiles/cmTC_dff3b.dir/CheckIncludeFiles.c.o  -o cmTC_dff3b -rdynamic 
make[1]: Leaving directory '/mnt/dlt-daemon/build/CMakeFiles/CMakeTmp'


Determining if files sys/uio.h exist passed with the following output:
Change Dir: /mnt/dlt-daemon/build/CMakeFiles/CMakeTmp

Run Build Command:"/usr/bin/make" "cmTC_11bfb/fast"
/usr/bin/make -f CMakeFiles/cmTC_11bfb.dir/build.make CMakeFiles/cmTC_11bfb.dir/build
make[1]: Entering directory '/mnt/dlt-daemon/build/CMakeFiles/CMakeTmp'
Building C object CMakeFiles/cmTC_11bfb.dir/CheckIncludeFiles.c.o
/usr/bin/cc     -o CMakeFiles/cmTC_11bfb.dir/CheckIncludeFiles.c.o   -c /mnt/dlt-daemon/build/CMakeFiles/CMakeTmp/CheckIncludeFiles.c
Linking C executable cmTC_11bfb
/usr/bin/cmake -E cmake_link_script CMakeFiles/cmTC_11bfb.dir/link.txt --verbose=1
/usr/bin/cc       CMakeFiles/cmTC_11bfb.dir/CheckIncludeFiles.c.o  -o cmTC_11bfb -rdynamic 
make[1]: Leaving directory '/mnt/dlt-daemon/build/CMakeFiles/CMakeTmp'


Determining if files termios.h exist passed with the following output:
Change Dir: /mnt/dlt-daemon/build/CMakeFiles/CMakeTmp

Run Build Command:"/usr/bin/make" "cmTC_36e04/fast"
/usr/bin/make -f CMakeFiles/cmTC_36e04.dir/build.make CMakeFiles/cmTC_36e04.dir/build
make[1]: Entering directory '/mnt/dlt-daemon/build/CMakeFiles/CMakeTmp'
Building C object CMakeFiles/cmTC_36e04.dir/CheckIncludeFiles.c.o
/usr/bin/cc     -o CMakeFiles/cmTC_36e04.dir/CheckIncludeFiles.c.o   -c /mnt/dlt-daemon/build/CMakeFiles/CMakeTmp/CheckIncludeFiles.c
Linking C executable cmTC_36e04
/usr/bin/cmake -E cmake_link_script CMakeFiles/cmTC_36e04.dir/link.txt --verbose=1
/usr/bin/cc       CMakeFiles/cmTC_36e04.dir/CheckIncludeFiles.c.o  -o cmTC_36e04 -rdynamic 
make[1]: Leaving directory '/mnt/dlt-daemon/build/CMakeFiles/CMakeTmp'


Determining if the function clock_gettime exists passed with the following output:
Change Dir: /mnt/dlt-daemon/build/CMakeFiles/CMakeTmp

Run Build Command:"/usr/bin/make" "cmTC_f71af/fast"
/usr/bin/make -f CMakeFiles/cmTC_f71af.dir/build.make CMakeFiles/cmTC_f71af.dir/build
make[1]: Entering directory '/mnt/dlt-daemon/build/CMakeFiles/CMakeTmp'
Building C object CMakeFiles/cmTC_f71af.dir/CheckFunctionExists.c.o
/usr/bin/cc    -DCHECK_FUNCTION_EXISTS=clock_gettime   -o CMakeFiles/cmTC_f71af.dir/CheckFunctionExists.c.o   -c /usr/share/cmake-3.5/Modules/CheckFunctionExists.c
Linking C executable cmTC_f71af
/usr/bin/cmake -E cmake_link_script CMakeFiles/cmTC_f71af.dir/link.txt --verbose=1
/usr/bin/cc   -DCHECK_FUNCTION_EXISTS=clock_gettime    CMakeFiles/cmTC_f71af.dir/CheckFunctionExists.c.o  -o cmTC_f71af -rdynamic 
make[1]: Leaving directory '/mnt/dlt-daemon/build/CMakeFiles/CMakeTmp'


Determining if the function fork exists passed with the following output:
Change Dir: /mnt/dlt-daemon/build/CMakeFiles/CMakeTmp

Run Build Command:"/usr/bin/make" "cmTC_77cb9/fast"
/usr/bin/make -f CMakeFiles/cmTC_77cb9.dir/build.make CMakeFiles/cmTC_77cb9.dir/build
make[1]: Entering directory '/mnt/dlt-daemon/build/CMakeFiles/CMakeTmp'
Building C object CMakeFiles/cmTC_77cb9.dir/CheckFunctionExists.c.o
/usr/bin/cc    -DCHECK_FUNCTION_EXISTS=fork   -o CMakeFiles/cmTC_77cb9.dir/CheckFunctionExists.c.o   -c /usr/share/cmake-3.5/Modules/CheckFunctionExists.c
<command-line>:0:23: warning: conflicting types for built-in function fork
/usr/share/cmake-3.5/Modules/CheckFunctionExists.c:6:6: note: in expansion of macro CHECK_FUNCTION_EXISTS
 char CHECK_FUNCTION_EXISTS();
      ^
Linking C executable cmTC_77cb9
/usr/bin/cmake -E cmake_link_script CMakeFiles/cmTC_77cb9.dir/link.txt --verbose=1
/usr/bin/cc   -DCHECK_FUNCTION_EXISTS=fork    CMakeFiles/cmTC_77cb9.dir/CheckFunctionExists.c.o  -o cmTC_77cb9 -rdynamic 
make[1]: Leaving directory '/mnt/dlt-daemon/build/CMakeFiles/CMakeTmp'


Determining if the function gethostbyname exists passed with the following output:
Change Dir: /mnt/dlt-daemon/build/CMakeFiles/CMakeTmp

Run Build Command:"/usr/bin/make" "cmTC_ed704/fast"
/usr/bin/make -f CMakeFiles/cmTC_ed704.dir/build.make CMakeFiles/cmTC_ed704.dir/build
make[1]: Entering directory '/mnt/dlt-daemon/build/CMakeFiles/CMakeTmp'
Building C object CMakeFiles/cmTC_ed704.dir/CheckFunctionExists.c.o
/usr/bin/cc    -DCHECK_FUNCTION_EXISTS=gethostbyname   -o CMakeFiles/cmTC_ed704.dir/CheckFunctionExists.c.o   -c /usr/share/cmake-3.5/Modules/CheckFunctionExists.c
Linking C executable cmTC_ed704
/usr/bin/cmake -E cmake_link_script CMakeFiles/cmTC_ed704.dir/link.txt --verbose=1
/usr/bin/cc   -DCHECK_FUNCTION_EXISTS=gethostbyname    CMakeFiles/cmTC_ed704.dir/CheckFunctionExists.c.o  -o cmTC_ed704 -rdynamic 
make[1]: Leaving directory '/mnt/dlt-daemon/build/CMakeFiles/CMakeTmp'


Determining if the function gettimeofday exists passed with the following output:
Change Dir: /mnt/dlt-daemon/build/CMakeFiles/CMakeTmp

Run Build Command:"/usr/bin/make" "cmTC_6404f/fast"
/usr/bin/make -f CMakeFiles/cmTC_6404f.dir/build.make CMakeFiles/cmTC_6404f.dir/build
make[1]: Entering directory '/mnt/dlt-daemon/build/CMakeFiles/CMakeTmp'
Building C object CMakeFiles/cmTC_6404f.dir/CheckFunctionExists.c.o
/usr/bin/cc    -DCHECK_FUNCTION_EXISTS=gettimeofday   -o CMakeFiles/cmTC_6404f.dir/CheckFunctionExists.c.o   -c /usr/share/cmake-3.5/Modules/CheckFunctionExists.c
Linking C executable cmTC_6404f
/usr/bin/cmake -E cmake_link_script CMakeFiles/cmTC_6404f.dir/link.txt --verbose=1
/usr/bin/cc   -DCHECK_FUNCTION_EXISTS=gettimeofday    CMakeFiles/cmTC_6404f.dir/CheckFunctionExists.c.o  -o cmTC_6404f -rdynamic 
make[1]: Leaving directory '/mnt/dlt-daemon/build/CMakeFiles/CMakeTmp'


Determining if the function inet_ntoa exists passed with the following output:
Change Dir: /mnt/dlt-daemon/build/CMakeFiles/CMakeTmp

Run Build Command:"/usr/bin/make" "cmTC_e8aae/fast"
/usr/bin/make -f CMakeFiles/cmTC_e8aae.dir/build.make CMakeFiles/cmTC_e8aae.dir/build
make[1]: Entering directory '/mnt/dlt-daemon/build/CMakeFiles/CMakeTmp'
Building C object CMakeFiles/cmTC_e8aae.dir/CheckFunctionExists.c.o
/usr/bin/cc    -DCHECK_FUNCTION_EXISTS=inet_ntoa   -o CMakeFiles/cmTC_e8aae.dir/CheckFunctionExists.c.o   -c /usr/share/cmake-3.5/Modules/CheckFunctionExists.c
Linking C executable cmTC_e8aae
/usr/bin/cmake -E cmake_link_script CMakeFiles/cmTC_e8aae.dir/link.txt --verbose=1
/usr/bin/cc   -DCHECK_FUNCTION_EXISTS=inet_ntoa    CMakeFiles/cmTC_e8aae.dir/CheckFunctionExists.c.o  -o cmTC_e8aae -rdynamic 
make[1]: Leaving directory '/mnt/dlt-daemon/build/CMakeFiles/CMakeTmp'


Determining if the function malloc exists passed with the following output:
Change Dir: /mnt/dlt-daemon/build/CMakeFiles/CMakeTmp

Run Build Command:"/usr/bin/make" "cmTC_a291a/fast"
/usr/bin/make -f CMakeFiles/cmTC_a291a.dir/build.make CMakeFiles/cmTC_a291a.dir/build
make[1]: Entering directory '/mnt/dlt-daemon/build/CMakeFiles/CMakeTmp'
Building C object CMakeFiles/cmTC_a291a.dir/CheckFunctionExists.c.o
/usr/bin/cc    -DCHECK_FUNCTION_EXISTS=malloc   -o CMakeFiles/cmTC_a291a.dir/CheckFunctionExists.c.o   -c /usr/share/cmake-3.5/Modules/CheckFunctionExists.c
<command-line>:0:23: warning: conflicting types for built-in function malloc
/usr/share/cmake-3.5/Modules/CheckFunctionExists.c:6:6: note: in expansion of macro CHECK_FUNCTION_EXISTS
 char CHECK_FUNCTION_EXISTS();
      ^
Linking C executable cmTC_a291a
/usr/bin/cmake -E cmake_link_script CMakeFiles/cmTC_a291a.dir/link.txt --verbose=1
/usr/bin/cc   -DCHECK_FUNCTION_EXISTS=malloc    CMakeFiles/cmTC_a291a.dir/CheckFunctionExists.c.o  -o cmTC_a291a -rdynamic 
make[1]: Leaving directory '/mnt/dlt-daemon/build/CMakeFiles/CMakeTmp'


Determining if the function memmove exists passed with the following output:
Change Dir: /mnt/dlt-daemon/build/CMakeFiles/CMakeTmp

Run Build Command:"/usr/bin/make" "cmTC_92b69/fast"
/usr/bin/make -f CMakeFiles/cmTC_92b69.dir/build.make CMakeFiles/cmTC_92b69.dir/build
make[1]: Entering directory '/mnt/dlt-daemon/build/CMakeFiles/CMakeTmp'
Building C object CMakeFiles/cmTC_92b69.dir/CheckFunctionExists.c.o
/usr/bin/cc    -DCHECK_FUNCTION_EXISTS=memmove   -o CMakeFiles/cmTC_92b69.dir/CheckFunctionExists.c.o   -c /usr/share/cmake-3.5/Modules/CheckFunctionExists.c
<command-line>:0:23: warning: conflicting types for built-in function memmove
/usr/share/cmake-3.5/Modules/CheckFunctionExists.c:6:6: note: in expansion of macro CHECK_FUNCTION_EXISTS
 char CHECK_FUNCTION_EXISTS();
      ^
Linking C executable cmTC_92b69
/usr/bin/cmake -E cmake_link_script CMakeFiles/cmTC_92b69.dir/link.txt --verbose=1
/usr/bin/cc   -DCHECK_FUNCTION_EXISTS=memmove    CMakeFiles/cmTC_92b69.dir/CheckFunctionExists.c.o  -o cmTC_92b69 -rdynamic 
make[1]: Leaving directory '/mnt/dlt-daemon/build/CMakeFiles/CMakeTmp'


Determining if the function memset exists passed with the following output:
Change Dir: /mnt/dlt-daemon/build/CMakeFiles/CMakeTmp

Run Build Command:"/usr/bin/make" "cmTC_18f09/fast"
/usr/bin/make -f CMakeFiles/cmTC_18f09.dir/build.make CMakeFiles/cmTC_18f09.dir/build
make[1]: Entering directory '/mnt/dlt-daemon/build/CMakeFiles/CMakeTmp'
Building C object CMakeFiles/cmTC_18f09.dir/CheckFunctionExists.c.o
/usr/bin/cc    -DCHECK_FUNCTION_EXISTS=memset   -o CMakeFiles/cmTC_18f09.dir/CheckFunctionExists.c.o   -c /usr/share/cmake-3.5/Modules/CheckFunctionExists.c
<command-line>:0:23: warning: conflicting types for built-in function memset
/usr/share/cmake-3.5/Modules/CheckFunctionExists.c:6:6: note: in expansion of macro CHECK_FUNCTION_EXISTS
 char CHECK_FUNCTION_EXISTS();
      ^
Linking C executable cmTC_18f09
/usr/bin/cmake -E cmake_link_script CMakeFiles/cmTC_18f09.dir/link.txt --verbose=1
/usr/bin/cc   -DCHECK_FUNCTION_EXISTS=memset    CMakeFiles/cmTC_18f09.dir/CheckFunctionExists.c.o  -o cmTC_18f09 -rdynamic 
make[1]: Leaving directory '/mnt/dlt-daemon/build/CMakeFiles/CMakeTmp'


Determining if the function mkfifo exists passed with the following output:
Change Dir: /mnt/dlt-daemon/build/CMakeFiles/CMakeTmp

Run Build Command:"/usr/bin/make" "cmTC_67bd7/fast"
/usr/bin/make -f CMakeFiles/cmTC_67bd7.dir/build.make CMakeFiles/cmTC_67bd7.dir/build
make[1]: Entering directory '/mnt/dlt-daemon/build/CMakeFiles/CMakeTmp'
Building C object CMakeFiles/cmTC_67bd7.dir/CheckFunctionExists.c.o
/usr/bin/cc    -DCHECK_FUNCTION_EXISTS=mkfifo   -o CMakeFiles/cmTC_67bd7.dir/CheckFunctionExists.c.o   -c /usr/share/cmake-3.5/Modules/CheckFunctionExists.c
Linking C executable cmTC_67bd7
/usr/bin/cmake -E cmake_link_script CMakeFiles/cmTC_67bd7.dir/link.txt --verbose=1
/usr/bin/cc   -DCHECK_FUNCTION_EXISTS=mkfifo    CMakeFiles/cmTC_67bd7.dir/CheckFunctionExists.c.o  -o cmTC_67bd7 -rdynamic 
make[1]: Leaving directory '/mnt/dlt-daemon/build/CMakeFiles/CMakeTmp'


Determining if the function select exists passed with the following output:
Change Dir: /mnt/dlt-daemon/build/CMakeFiles/CMakeTmp

Run Build Command:"/usr/bin/make" "cmTC_f7840/fast"
/usr/bin/make -f CMakeFiles/cmTC_f7840.dir/build.make CMakeFiles/cmTC_f7840.dir/build
make[1]: Entering directory '/mnt/dlt-daemon/build/CMakeFiles/CMakeTmp'
Building C object CMakeFiles/cmTC_f7840.dir/CheckFunctionExists.c.o
/usr/bin/cc    -DCHECK_FUNCTION_EXISTS=select   -o CMakeFiles/cmTC_f7840.dir/CheckFunctionExists.c.o   -c /usr/share/cmake-3.5/Modules/CheckFunctionExists.c
Linking C executable cmTC_f7840
/usr/bin/cmake -E cmake_link_script CMakeFiles/cmTC_f7840.dir/link.txt --verbose=1
/usr/bin/cc   -DCHECK_FUNCTION_EXISTS=select    CMakeFiles/cmTC_f7840.dir/CheckFunctionExists.c.o  -o cmTC_f7840 -rdynamic 
make[1]: Leaving directory '/mnt/dlt-daemon/build/CMakeFiles/CMakeTmp'


Determining if the function socket exists passed with the following output:
Change Dir: /mnt/dlt-daemon/build/CMakeFiles/CMakeTmp

Run Build Command:"/usr/bin/make" "cmTC_0a0d4/fast"
/usr/bin/make -f CMakeFiles/cmTC_0a0d4.dir/build.make CMakeFiles/cmTC_0a0d4.dir/build
make[1]: Entering directory '/mnt/dlt-daemon/build/CMakeFiles/CMakeTmp'
Building C object CMakeFiles/cmTC_0a0d4.dir/CheckFunctionExists.c.o
/usr/bin/cc    -DCHECK_FUNCTION_EXISTS=socket   -o CMakeFiles/cmTC_0a0d4.dir/CheckFunctionExists.c.o   -c /usr/share/cmake-3.5/Modules/CheckFunctionExists.c
Linking C executable cmTC_0a0d4
/usr/bin/cmake -E cmake_link_script CMakeFiles/cmTC_0a0d4.dir/link.txt --verbose=1
/usr/bin/cc   -DCHECK_FUNCTION_EXISTS=socket    CMakeFiles/cmTC_0a0d4.dir/CheckFunctionExists.c.o  -o cmTC_0a0d4 -rdynamic 
make[1]: Leaving directory '/mnt/dlt-daemon/build/CMakeFiles/CMakeTmp'


Determining if the function strchr exists passed with the following output:
Change Dir: /mnt/dlt-daemon/build/CMakeFiles/CMakeTmp

Run Build Command:"/usr/bin/make" "cmTC_1a7d4/fast"
/usr/bin/make -f CMakeFiles/cmTC_1a7d4.dir/build.make CMakeFiles/cmTC_1a7d4.dir/build
make[1]: Entering directory '/mnt/dlt-daemon/build/CMakeFiles/CMakeTmp'
Building C object CMakeFiles/cmTC_1a7d4.dir/CheckFunctionExists.c.o
/usr/bin/cc    -DCHECK_FUNCTION_EXISTS=strchr   -o CMakeFiles/cmTC_1a7d4.dir/CheckFunctionExists.c.o   -c /usr/share/cmake-3.5/Modules/CheckFunctionExists.c
<command-line>:0:23: warning: conflicting types for built-in function strchr
/usr/share/cmake-3.5/Modules/CheckFunctionExists.c:6:6: note: in expansion of macro CHECK_FUNCTION_EXISTS
 char CHECK_FUNCTION_EXISTS();
      ^
Linking C executable cmTC_1a7d4
/usr/bin/cmake -E cmake_link_script CMakeFiles/cmTC_1a7d4.dir/link.txt --verbose=1
/usr/bin/cc   -DCHECK_FUNCTION_EXISTS=strchr    CMakeFiles/cmTC_1a7d4.dir/CheckFunctionExists.c.o  -o cmTC_1a7d4 -rdynamic 
make[1]: Leaving directory '/mnt/dlt-daemon/build/CMakeFiles/CMakeTmp'


Determining if the function strerror exists passed with the following output:
Change Dir: /mnt/dlt-daemon/build/CMakeFiles/CMakeTmp

Run Build Command:"/usr/bin/make" "cmTC_fff4b/fast"
/usr/bin/make -f CMakeFiles/cmTC_fff4b.dir/build.make CMakeFiles/cmTC_fff4b.dir/build
make[1]: Entering directory '/mnt/dlt-daemon/build/CMakeFiles/CMakeTmp'
Building C object CMakeFiles/cmTC_fff4b.dir/CheckFunctionExists.c.o
/usr/bin/cc    -DCHECK_FUNCTION_EXISTS=strerror   -o CMakeFiles/cmTC_fff4b.dir/CheckFunctionExists.c.o   -c /usr/share/cmake-3.5/Modules/CheckFunctionExists.c
Linking C executable cmTC_fff4b
/usr/bin/cmake -E cmake_link_script CMakeFiles/cmTC_fff4b.dir/link.txt --verbose=1
/usr/bin/cc   -DCHECK_FUNCTION_EXISTS=strerror    CMakeFiles/cmTC_fff4b.dir/CheckFunctionExists.c.o  -o cmTC_fff4b -rdynamic 
make[1]: Leaving directory '/mnt/dlt-daemon/build/CMakeFiles/CMakeTmp'


Determining if the function strstr exists passed with the following output:
Change Dir: /mnt/dlt-daemon/build/CMakeFiles/CMakeTmp

Run Build Command:"/usr/bin/make" "cmTC_228e2/fast"
/usr/bin/make -f CMakeFiles/cmTC_228e2.dir/build.make CMakeFiles/cmTC_228e2.dir/build
make[1]: Entering directory '/mnt/dlt-daemon/build/CMakeFiles/CMakeTmp'
Building C object CMakeFiles/cmTC_228e2.dir/CheckFunctionExists.c.o
/usr/bin/cc    -DCHECK_FUNCTION_EXISTS=strstr   -o CMakeFiles/cmTC_228e2.dir/CheckFunctionExists.c.o   -c /usr/share/cmake-3.5/Modules/CheckFunctionExists.c
<command-line>:0:23: warning: conflicting types for built-in function strstr
/usr/share/cmake-3.5/Modules/CheckFunctionExists.c:6:6: note: in expansion of macro CHECK_FUNCTION_EXISTS
 char CHECK_FUNCTION_EXISTS();
      ^
Linking C executable cmTC_228e2
/usr/bin/cmake -E cmake_link_script CMakeFiles/cmTC_228e2.dir/link.txt --verbose=1
/usr/bin/cc   -DCHECK_FUNCTION_EXISTS=strstr    CMakeFiles/cmTC_228e2.dir/CheckFunctionExists.c.o  -o cmTC_228e2 -rdynamic 
make[1]: Leaving directory '/mnt/dlt-daemon/build/CMakeFiles/CMakeTmp'


Determining if the function strtol exists passed with the following output:
Change Dir: /mnt/dlt-daemon/build/CMakeFiles/CMakeTmp

Run Build Command:"/usr/bin/make" "cmTC_25f9d/fast"
/usr/bin/make -f CMakeFiles/cmTC_25f9d.dir/build.make CMakeFiles/cmTC_25f9d.dir/build
make[1]: Entering directory '/mnt/dlt-daemon/build/CMakeFiles/CMakeTmp'
Building C object CMakeFiles/cmTC_25f9d.dir/CheckFunctionExists.c.o
/usr/bin/cc    -DCHECK_FUNCTION_EXISTS=strtol   -o CMakeFiles/cmTC_25f9d.dir/CheckFunctionExists.c.o   -c /usr/share/cmake-3.5/Modules/CheckFunctionExists.c
Linking C executable cmTC_25f9d
/usr/bin/cmake -E cmake_link_script CMakeFiles/cmTC_25f9d.dir/link.txt --verbose=1
/usr/bin/cc   -DCHECK_FUNCTION_EXISTS=strtol    CMakeFiles/cmTC_25f9d.dir/CheckFunctionExists.c.o  -o cmTC_25f9d -rdynamic 
make[1]: Leaving directory '/mnt/dlt-daemon/build/CMakeFiles/CMakeTmp'


